2024-03-24 04:46:26,299 INFO: 
                ____                _       _____  ____
               / __ ) ____ _ _____ (_)_____/ ___/ / __ \
              / __  |/ __ `// ___// // ___/\__ \ / /_/ /
             / /_/ // /_/ /(__  )/ // /__ ___/ // _, _/
            /_____/ \__,_//____//_/ \___//____//_/ |_|
     ______                   __   __                 __      __
    / ____/____   ____   ____/ /  / /   __  __ _____ / /__   / /
   / / __ / __ \ / __ \ / __  /  / /   / / / // ___// //_/  / /
  / /_/ // /_/ // /_/ // /_/ /  / /___/ /_/ // /__ / /<    /_/
  \____/ \____/ \____/ \____/  /_____/\____/ \___//_/|_|  (_)
    
Version Information: 
	BasicSR: 1.4.2
	PyTorch: 2.2.1+cu121
	TorchVision: 0.17.1+cpu
2024-03-24 04:46:26,300 INFO: 
  name: train_orsrnet_x4
  model_type: RealESRNetModel
  scale: 4
  num_gpu: 1
  manual_seed: 0
  gt_usm: True
  resize_prob: [0.2, 0.7, 0.1]
  resize_range: [0.15, 1.5]
  gaussian_noise_prob: 0.5
  noise_range: [1, 30]
  poisson_scale_range: [0.05, 3]
  gray_noise_prob: 0.4
  jpeg_range: [30, 95]
  second_blur_prob: 0.8
  resize_prob2: [0.3, 0.4, 0.3]
  resize_range2: [0.3, 1.2]
  gaussian_noise_prob2: 0.5
  noise_range2: [1, 25]
  poisson_scale_range2: [0.05, 2.5]
  gray_noise_prob2: 0.4
  jpeg_range2: [30, 95]
  gt_size: 256
  queue_size: 180
  datasets:[
    train:[
      name: train
      type: RealESRGANDataset
      dataroot_gt: datasets/train
      meta_info: datasets/train/meta_info/meta_info_train.txt
      io_backend:[
        type: disk
      ]
      blur_kernel_size: 21
      kernel_list: ['iso', 'aniso', 'generalized_iso', 'generalized_aniso', 'plateau_iso', 'plateau_aniso']
      kernel_prob: [0.45, 0.25, 0.12, 0.03, 0.12, 0.03]
      sinc_prob: 0.1
      blur_sigma: [0.2, 3]
      betag_range: [0.5, 4]
      betap_range: [1, 2]
      blur_kernel_size2: 21
      kernel_list2: ['iso', 'aniso', 'generalized_iso', 'generalized_aniso', 'plateau_iso', 'plateau_aniso']
      kernel_prob2: [0.45, 0.25, 0.12, 0.03, 0.12, 0.03]
      sinc_prob2: 0.1
      blur_sigma2: [0.2, 1.5]
      betag_range2: [0.5, 4]
      betap_range2: [1, 2]
      final_sinc_prob: 0.8
      gt_size: 256
      use_hflip: True
      use_rot: False
      use_shuffle: True
      num_worker_per_gpu: 5
      batch_size_per_gpu: 12
      dataset_enlarge_ratio: 1
      prefetch_mode: None
      phase: train
      scale: 4
    ]
  ]
  network_g:[
    type: RRDBNet
    num_in_ch: 3
    num_out_ch: 3
    num_feat: 64
    num_block: 23
    num_grow_ch: 32
  ]
  path:[
    pretrain_network_g: experiments/pretrained_models/ESRGAN_SRx4_DF2KOST_official-ff704c30.pth
    param_key_g: params_ema
    strict_load_g: True
    resume_state: None
    experiments_root: D:\fp\ORSR\experiments\train_orsrnet_x4
    models: D:\fp\ORSR\experiments\train_orsrnet_x4\models
    training_states: D:\fp\ORSR\experiments\train_orsrnet_x4\training_states
    log: D:\fp\ORSR\experiments\train_orsrnet_x4
    visualization: D:\fp\ORSR\experiments\train_orsrnet_x4\visualization
  ]
  train:[
    ema_decay: 0.999
    optim_g:[
      type: Adam
      lr: 0.0001
      weight_decay: 0
      betas: [0.9, 0.99]
    ]
    scheduler:[
      type: MultiStepLR
      milestones: [100000]
      gamma: 0.5
    ]
    total_iter: 100000
    warmup_iter: -1
    pixel_opt:[
      type: L1Loss
      loss_weight: 1.0
      reduction: mean
    ]
  ]
  logger:[
    print_freq: 100
    save_checkpoint_freq: 5000.0
    use_tb_logger: True
    wandb:[
      project: None
      resume_id: None
    ]
  ]
  dist_params:[
    backend: nccl
    port: 29500
  ]
  dist: False
  rank: 0
  world_size: 1
  auto_resume: True
  is_train: True
  root_path: D:\fp\ORSR

2024-03-24 04:46:26,437 INFO: Dataset [RealESRGANDataset] - train is built.
2024-03-24 04:46:26,437 INFO: Training statistics:
	Number of train images: 17250
	Dataset enlarge ratio: 1
	Batch size per gpu: 12
	World size (gpu number): 1
	Require iter number per epoch: 1438
	Total epochs: 70; iters: 100000.
2024-03-24 04:46:26,671 INFO: Network [RRDBNet] is created.
2024-03-24 04:46:26,828 INFO: Network: RRDBNet, with parameters: 16,697,987
2024-03-24 04:46:26,828 INFO: RRDBNet(
  (conv_first): Conv2d(3, 64, kernel_size=(3, 3), stride=(1, 1), padding=(1, 1))
  (body): Sequential(
    (0): RRDB(
      (rdb1): ResidualDenseBlock(
        (conv1): Conv2d(64, 32, kernel_size=(3, 3), stride=(1, 1), padding=(1, 1))
        (conv2): Conv2d(96, 32, kernel_size=(3, 3), stride=(1, 1), padding=(1, 1))
        (conv3): Conv2d(128, 32, kernel_size=(3, 3), stride=(1, 1), padding=(1, 1))
        (conv4): Conv2d(160, 32, kernel_size=(3, 3), stride=(1, 1), padding=(1, 1))
        (conv5): Conv2d(192, 64, kernel_size=(3, 3), stride=(1, 1), padding=(1, 1))
        (lrelu): LeakyReLU(negative_slope=0.2, inplace=True)
      )
      (rdb2): ResidualDenseBlock(
        (conv1): Conv2d(64, 32, kernel_size=(3, 3), stride=(1, 1), padding=(1, 1))
        (conv2): Conv2d(96, 32, kernel_size=(3, 3), stride=(1, 1), padding=(1, 1))
        (conv3): Conv2d(128, 32, kernel_size=(3, 3), stride=(1, 1), padding=(1, 1))
        (conv4): Conv2d(160, 32, kernel_size=(3, 3), stride=(1, 1), padding=(1, 1))
        (conv5): Conv2d(192, 64, kernel_size=(3, 3), stride=(1, 1), padding=(1, 1))
        (lrelu): LeakyReLU(negative_slope=0.2, inplace=True)
      )
      (rdb3): ResidualDenseBlock(
        (conv1): Conv2d(64, 32, kernel_size=(3, 3), stride=(1, 1), padding=(1, 1))
        (conv2): Conv2d(96, 32, kernel_size=(3, 3), stride=(1, 1), padding=(1, 1))
        (conv3): Conv2d(128, 32, kernel_size=(3, 3), stride=(1, 1), padding=(1, 1))
        (conv4): Conv2d(160, 32, kernel_size=(3, 3), stride=(1, 1), padding=(1, 1))
        (conv5): Conv2d(192, 64, kernel_size=(3, 3), stride=(1, 1), padding=(1, 1))
        (lrelu): LeakyReLU(negative_slope=0.2, inplace=True)
      )
    )
    (1): RRDB(
      (rdb1): ResidualDenseBlock(
        (conv1): Conv2d(64, 32, kernel_size=(3, 3), stride=(1, 1), padding=(1, 1))
        (conv2): Conv2d(96, 32, kernel_size=(3, 3), stride=(1, 1), padding=(1, 1))
        (conv3): Conv2d(128, 32, kernel_size=(3, 3), stride=(1, 1), padding=(1, 1))
        (conv4): Conv2d(160, 32, kernel_size=(3, 3), stride=(1, 1), padding=(1, 1))
        (conv5): Conv2d(192, 64, kernel_size=(3, 3), stride=(1, 1), padding=(1, 1))
        (lrelu): LeakyReLU(negative_slope=0.2, inplace=True)
      )
      (rdb2): ResidualDenseBlock(
        (conv1): Conv2d(64, 32, kernel_size=(3, 3), stride=(1, 1), padding=(1, 1))
        (conv2): Conv2d(96, 32, kernel_size=(3, 3), stride=(1, 1), padding=(1, 1))
        (conv3): Conv2d(128, 32, kernel_size=(3, 3), stride=(1, 1), padding=(1, 1))
        (conv4): Conv2d(160, 32, kernel_size=(3, 3), stride=(1, 1), padding=(1, 1))
        (conv5): Conv2d(192, 64, kernel_size=(3, 3), stride=(1, 1), padding=(1, 1))
        (lrelu): LeakyReLU(negative_slope=0.2, inplace=True)
      )
      (rdb3): ResidualDenseBlock(
        (conv1): Conv2d(64, 32, kernel_size=(3, 3), stride=(1, 1), padding=(1, 1))
        (conv2): Conv2d(96, 32, kernel_size=(3, 3), stride=(1, 1), padding=(1, 1))
        (conv3): Conv2d(128, 32, kernel_size=(3, 3), stride=(1, 1), padding=(1, 1))
        (conv4): Conv2d(160, 32, kernel_size=(3, 3), stride=(1, 1), padding=(1, 1))
        (conv5): Conv2d(192, 64, kernel_size=(3, 3), stride=(1, 1), padding=(1, 1))
        (lrelu): LeakyReLU(negative_slope=0.2, inplace=True)
      )
    )
    (2): RRDB(
      (rdb1): ResidualDenseBlock(
        (conv1): Conv2d(64, 32, kernel_size=(3, 3), stride=(1, 1), padding=(1, 1))
        (conv2): Conv2d(96, 32, kernel_size=(3, 3), stride=(1, 1), padding=(1, 1))
        (conv3): Conv2d(128, 32, kernel_size=(3, 3), stride=(1, 1), padding=(1, 1))
        (conv4): Conv2d(160, 32, kernel_size=(3, 3), stride=(1, 1), padding=(1, 1))
        (conv5): Conv2d(192, 64, kernel_size=(3, 3), stride=(1, 1), padding=(1, 1))
        (lrelu): LeakyReLU(negative_slope=0.2, inplace=True)
      )
      (rdb2): ResidualDenseBlock(
        (conv1): Conv2d(64, 32, kernel_size=(3, 3), stride=(1, 1), padding=(1, 1))
        (conv2): Conv2d(96, 32, kernel_size=(3, 3), stride=(1, 1), padding=(1, 1))
        (conv3): Conv2d(128, 32, kernel_size=(3, 3), stride=(1, 1), padding=(1, 1))
        (conv4): Conv2d(160, 32, kernel_size=(3, 3), stride=(1, 1), padding=(1, 1))
        (conv5): Conv2d(192, 64, kernel_size=(3, 3), stride=(1, 1), padding=(1, 1))
        (lrelu): LeakyReLU(negative_slope=0.2, inplace=True)
      )
      (rdb3): ResidualDenseBlock(
        (conv1): Conv2d(64, 32, kernel_size=(3, 3), stride=(1, 1), padding=(1, 1))
        (conv2): Conv2d(96, 32, kernel_size=(3, 3), stride=(1, 1), padding=(1, 1))
        (conv3): Conv2d(128, 32, kernel_size=(3, 3), stride=(1, 1), padding=(1, 1))
        (conv4): Conv2d(160, 32, kernel_size=(3, 3), stride=(1, 1), padding=(1, 1))
        (conv5): Conv2d(192, 64, kernel_size=(3, 3), stride=(1, 1), padding=(1, 1))
        (lrelu): LeakyReLU(negative_slope=0.2, inplace=True)
      )
    )
    (3): RRDB(
      (rdb1): ResidualDenseBlock(
        (conv1): Conv2d(64, 32, kernel_size=(3, 3), stride=(1, 1), padding=(1, 1))
        (conv2): Conv2d(96, 32, kernel_size=(3, 3), stride=(1, 1), padding=(1, 1))
        (conv3): Conv2d(128, 32, kernel_size=(3, 3), stride=(1, 1), padding=(1, 1))
        (conv4): Conv2d(160, 32, kernel_size=(3, 3), stride=(1, 1), padding=(1, 1))
        (conv5): Conv2d(192, 64, kernel_size=(3, 3), stride=(1, 1), padding=(1, 1))
        (lrelu): LeakyReLU(negative_slope=0.2, inplace=True)
      )
      (rdb2): ResidualDenseBlock(
        (conv1): Conv2d(64, 32, kernel_size=(3, 3), stride=(1, 1), padding=(1, 1))
        (conv2): Conv2d(96, 32, kernel_size=(3, 3), stride=(1, 1), padding=(1, 1))
        (conv3): Conv2d(128, 32, kernel_size=(3, 3), stride=(1, 1), padding=(1, 1))
        (conv4): Conv2d(160, 32, kernel_size=(3, 3), stride=(1, 1), padding=(1, 1))
        (conv5): Conv2d(192, 64, kernel_size=(3, 3), stride=(1, 1), padding=(1, 1))
        (lrelu): LeakyReLU(negative_slope=0.2, inplace=True)
      )
      (rdb3): ResidualDenseBlock(
        (conv1): Conv2d(64, 32, kernel_size=(3, 3), stride=(1, 1), padding=(1, 1))
        (conv2): Conv2d(96, 32, kernel_size=(3, 3), stride=(1, 1), padding=(1, 1))
        (conv3): Conv2d(128, 32, kernel_size=(3, 3), stride=(1, 1), padding=(1, 1))
        (conv4): Conv2d(160, 32, kernel_size=(3, 3), stride=(1, 1), padding=(1, 1))
        (conv5): Conv2d(192, 64, kernel_size=(3, 3), stride=(1, 1), padding=(1, 1))
        (lrelu): LeakyReLU(negative_slope=0.2, inplace=True)
      )
    )
    (4): RRDB(
      (rdb1): ResidualDenseBlock(
        (conv1): Conv2d(64, 32, kernel_size=(3, 3), stride=(1, 1), padding=(1, 1))
        (conv2): Conv2d(96, 32, kernel_size=(3, 3), stride=(1, 1), padding=(1, 1))
        (conv3): Conv2d(128, 32, kernel_size=(3, 3), stride=(1, 1), padding=(1, 1))
        (conv4): Conv2d(160, 32, kernel_size=(3, 3), stride=(1, 1), padding=(1, 1))
        (conv5): Conv2d(192, 64, kernel_size=(3, 3), stride=(1, 1), padding=(1, 1))
        (lrelu): LeakyReLU(negative_slope=0.2, inplace=True)
      )
      (rdb2): ResidualDenseBlock(
        (conv1): Conv2d(64, 32, kernel_size=(3, 3), stride=(1, 1), padding=(1, 1))
        (conv2): Conv2d(96, 32, kernel_size=(3, 3), stride=(1, 1), padding=(1, 1))
        (conv3): Conv2d(128, 32, kernel_size=(3, 3), stride=(1, 1), padding=(1, 1))
        (conv4): Conv2d(160, 32, kernel_size=(3, 3), stride=(1, 1), padding=(1, 1))
        (conv5): Conv2d(192, 64, kernel_size=(3, 3), stride=(1, 1), padding=(1, 1))
        (lrelu): LeakyReLU(negative_slope=0.2, inplace=True)
      )
      (rdb3): ResidualDenseBlock(
        (conv1): Conv2d(64, 32, kernel_size=(3, 3), stride=(1, 1), padding=(1, 1))
        (conv2): Conv2d(96, 32, kernel_size=(3, 3), stride=(1, 1), padding=(1, 1))
        (conv3): Conv2d(128, 32, kernel_size=(3, 3), stride=(1, 1), padding=(1, 1))
        (conv4): Conv2d(160, 32, kernel_size=(3, 3), stride=(1, 1), padding=(1, 1))
        (conv5): Conv2d(192, 64, kernel_size=(3, 3), stride=(1, 1), padding=(1, 1))
        (lrelu): LeakyReLU(negative_slope=0.2, inplace=True)
      )
    )
    (5): RRDB(
      (rdb1): ResidualDenseBlock(
        (conv1): Conv2d(64, 32, kernel_size=(3, 3), stride=(1, 1), padding=(1, 1))
        (conv2): Conv2d(96, 32, kernel_size=(3, 3), stride=(1, 1), padding=(1, 1))
        (conv3): Conv2d(128, 32, kernel_size=(3, 3), stride=(1, 1), padding=(1, 1))
        (conv4): Conv2d(160, 32, kernel_size=(3, 3), stride=(1, 1), padding=(1, 1))
        (conv5): Conv2d(192, 64, kernel_size=(3, 3), stride=(1, 1), padding=(1, 1))
        (lrelu): LeakyReLU(negative_slope=0.2, inplace=True)
      )
      (rdb2): ResidualDenseBlock(
        (conv1): Conv2d(64, 32, kernel_size=(3, 3), stride=(1, 1), padding=(1, 1))
        (conv2): Conv2d(96, 32, kernel_size=(3, 3), stride=(1, 1), padding=(1, 1))
        (conv3): Conv2d(128, 32, kernel_size=(3, 3), stride=(1, 1), padding=(1, 1))
        (conv4): Conv2d(160, 32, kernel_size=(3, 3), stride=(1, 1), padding=(1, 1))
        (conv5): Conv2d(192, 64, kernel_size=(3, 3), stride=(1, 1), padding=(1, 1))
        (lrelu): LeakyReLU(negative_slope=0.2, inplace=True)
      )
      (rdb3): ResidualDenseBlock(
        (conv1): Conv2d(64, 32, kernel_size=(3, 3), stride=(1, 1), padding=(1, 1))
        (conv2): Conv2d(96, 32, kernel_size=(3, 3), stride=(1, 1), padding=(1, 1))
        (conv3): Conv2d(128, 32, kernel_size=(3, 3), stride=(1, 1), padding=(1, 1))
        (conv4): Conv2d(160, 32, kernel_size=(3, 3), stride=(1, 1), padding=(1, 1))
        (conv5): Conv2d(192, 64, kernel_size=(3, 3), stride=(1, 1), padding=(1, 1))
        (lrelu): LeakyReLU(negative_slope=0.2, inplace=True)
      )
    )
    (6): RRDB(
      (rdb1): ResidualDenseBlock(
        (conv1): Conv2d(64, 32, kernel_size=(3, 3), stride=(1, 1), padding=(1, 1))
        (conv2): Conv2d(96, 32, kernel_size=(3, 3), stride=(1, 1), padding=(1, 1))
        (conv3): Conv2d(128, 32, kernel_size=(3, 3), stride=(1, 1), padding=(1, 1))
        (conv4): Conv2d(160, 32, kernel_size=(3, 3), stride=(1, 1), padding=(1, 1))
        (conv5): Conv2d(192, 64, kernel_size=(3, 3), stride=(1, 1), padding=(1, 1))
        (lrelu): LeakyReLU(negative_slope=0.2, inplace=True)
      )
      (rdb2): ResidualDenseBlock(
        (conv1): Conv2d(64, 32, kernel_size=(3, 3), stride=(1, 1), padding=(1, 1))
        (conv2): Conv2d(96, 32, kernel_size=(3, 3), stride=(1, 1), padding=(1, 1))
        (conv3): Conv2d(128, 32, kernel_size=(3, 3), stride=(1, 1), padding=(1, 1))
        (conv4): Conv2d(160, 32, kernel_size=(3, 3), stride=(1, 1), padding=(1, 1))
        (conv5): Conv2d(192, 64, kernel_size=(3, 3), stride=(1, 1), padding=(1, 1))
        (lrelu): LeakyReLU(negative_slope=0.2, inplace=True)
      )
      (rdb3): ResidualDenseBlock(
        (conv1): Conv2d(64, 32, kernel_size=(3, 3), stride=(1, 1), padding=(1, 1))
        (conv2): Conv2d(96, 32, kernel_size=(3, 3), stride=(1, 1), padding=(1, 1))
        (conv3): Conv2d(128, 32, kernel_size=(3, 3), stride=(1, 1), padding=(1, 1))
        (conv4): Conv2d(160, 32, kernel_size=(3, 3), stride=(1, 1), padding=(1, 1))
        (conv5): Conv2d(192, 64, kernel_size=(3, 3), stride=(1, 1), padding=(1, 1))
        (lrelu): LeakyReLU(negative_slope=0.2, inplace=True)
      )
    )
    (7): RRDB(
      (rdb1): ResidualDenseBlock(
        (conv1): Conv2d(64, 32, kernel_size=(3, 3), stride=(1, 1), padding=(1, 1))
        (conv2): Conv2d(96, 32, kernel_size=(3, 3), stride=(1, 1), padding=(1, 1))
        (conv3): Conv2d(128, 32, kernel_size=(3, 3), stride=(1, 1), padding=(1, 1))
        (conv4): Conv2d(160, 32, kernel_size=(3, 3), stride=(1, 1), padding=(1, 1))
        (conv5): Conv2d(192, 64, kernel_size=(3, 3), stride=(1, 1), padding=(1, 1))
        (lrelu): LeakyReLU(negative_slope=0.2, inplace=True)
      )
      (rdb2): ResidualDenseBlock(
        (conv1): Conv2d(64, 32, kernel_size=(3, 3), stride=(1, 1), padding=(1, 1))
        (conv2): Conv2d(96, 32, kernel_size=(3, 3), stride=(1, 1), padding=(1, 1))
        (conv3): Conv2d(128, 32, kernel_size=(3, 3), stride=(1, 1), padding=(1, 1))
        (conv4): Conv2d(160, 32, kernel_size=(3, 3), stride=(1, 1), padding=(1, 1))
        (conv5): Conv2d(192, 64, kernel_size=(3, 3), stride=(1, 1), padding=(1, 1))
        (lrelu): LeakyReLU(negative_slope=0.2, inplace=True)
      )
      (rdb3): ResidualDenseBlock(
        (conv1): Conv2d(64, 32, kernel_size=(3, 3), stride=(1, 1), padding=(1, 1))
        (conv2): Conv2d(96, 32, kernel_size=(3, 3), stride=(1, 1), padding=(1, 1))
        (conv3): Conv2d(128, 32, kernel_size=(3, 3), stride=(1, 1), padding=(1, 1))
        (conv4): Conv2d(160, 32, kernel_size=(3, 3), stride=(1, 1), padding=(1, 1))
        (conv5): Conv2d(192, 64, kernel_size=(3, 3), stride=(1, 1), padding=(1, 1))
        (lrelu): LeakyReLU(negative_slope=0.2, inplace=True)
      )
    )
    (8): RRDB(
      (rdb1): ResidualDenseBlock(
        (conv1): Conv2d(64, 32, kernel_size=(3, 3), stride=(1, 1), padding=(1, 1))
        (conv2): Conv2d(96, 32, kernel_size=(3, 3), stride=(1, 1), padding=(1, 1))
        (conv3): Conv2d(128, 32, kernel_size=(3, 3), stride=(1, 1), padding=(1, 1))
        (conv4): Conv2d(160, 32, kernel_size=(3, 3), stride=(1, 1), padding=(1, 1))
        (conv5): Conv2d(192, 64, kernel_size=(3, 3), stride=(1, 1), padding=(1, 1))
        (lrelu): LeakyReLU(negative_slope=0.2, inplace=True)
      )
      (rdb2): ResidualDenseBlock(
        (conv1): Conv2d(64, 32, kernel_size=(3, 3), stride=(1, 1), padding=(1, 1))
        (conv2): Conv2d(96, 32, kernel_size=(3, 3), stride=(1, 1), padding=(1, 1))
        (conv3): Conv2d(128, 32, kernel_size=(3, 3), stride=(1, 1), padding=(1, 1))
        (conv4): Conv2d(160, 32, kernel_size=(3, 3), stride=(1, 1), padding=(1, 1))
        (conv5): Conv2d(192, 64, kernel_size=(3, 3), stride=(1, 1), padding=(1, 1))
        (lrelu): LeakyReLU(negative_slope=0.2, inplace=True)
      )
      (rdb3): ResidualDenseBlock(
        (conv1): Conv2d(64, 32, kernel_size=(3, 3), stride=(1, 1), padding=(1, 1))
        (conv2): Conv2d(96, 32, kernel_size=(3, 3), stride=(1, 1), padding=(1, 1))
        (conv3): Conv2d(128, 32, kernel_size=(3, 3), stride=(1, 1), padding=(1, 1))
        (conv4): Conv2d(160, 32, kernel_size=(3, 3), stride=(1, 1), padding=(1, 1))
        (conv5): Conv2d(192, 64, kernel_size=(3, 3), stride=(1, 1), padding=(1, 1))
        (lrelu): LeakyReLU(negative_slope=0.2, inplace=True)
      )
    )
    (9): RRDB(
      (rdb1): ResidualDenseBlock(
        (conv1): Conv2d(64, 32, kernel_size=(3, 3), stride=(1, 1), padding=(1, 1))
        (conv2): Conv2d(96, 32, kernel_size=(3, 3), stride=(1, 1), padding=(1, 1))
        (conv3): Conv2d(128, 32, kernel_size=(3, 3), stride=(1, 1), padding=(1, 1))
        (conv4): Conv2d(160, 32, kernel_size=(3, 3), stride=(1, 1), padding=(1, 1))
        (conv5): Conv2d(192, 64, kernel_size=(3, 3), stride=(1, 1), padding=(1, 1))
        (lrelu): LeakyReLU(negative_slope=0.2, inplace=True)
      )
      (rdb2): ResidualDenseBlock(
        (conv1): Conv2d(64, 32, kernel_size=(3, 3), stride=(1, 1), padding=(1, 1))
        (conv2): Conv2d(96, 32, kernel_size=(3, 3), stride=(1, 1), padding=(1, 1))
        (conv3): Conv2d(128, 32, kernel_size=(3, 3), stride=(1, 1), padding=(1, 1))
        (conv4): Conv2d(160, 32, kernel_size=(3, 3), stride=(1, 1), padding=(1, 1))
        (conv5): Conv2d(192, 64, kernel_size=(3, 3), stride=(1, 1), padding=(1, 1))
        (lrelu): LeakyReLU(negative_slope=0.2, inplace=True)
      )
      (rdb3): ResidualDenseBlock(
        (conv1): Conv2d(64, 32, kernel_size=(3, 3), stride=(1, 1), padding=(1, 1))
        (conv2): Conv2d(96, 32, kernel_size=(3, 3), stride=(1, 1), padding=(1, 1))
        (conv3): Conv2d(128, 32, kernel_size=(3, 3), stride=(1, 1), padding=(1, 1))
        (conv4): Conv2d(160, 32, kernel_size=(3, 3), stride=(1, 1), padding=(1, 1))
        (conv5): Conv2d(192, 64, kernel_size=(3, 3), stride=(1, 1), padding=(1, 1))
        (lrelu): LeakyReLU(negative_slope=0.2, inplace=True)
      )
    )
    (10): RRDB(
      (rdb1): ResidualDenseBlock(
        (conv1): Conv2d(64, 32, kernel_size=(3, 3), stride=(1, 1), padding=(1, 1))
        (conv2): Conv2d(96, 32, kernel_size=(3, 3), stride=(1, 1), padding=(1, 1))
        (conv3): Conv2d(128, 32, kernel_size=(3, 3), stride=(1, 1), padding=(1, 1))
        (conv4): Conv2d(160, 32, kernel_size=(3, 3), stride=(1, 1), padding=(1, 1))
        (conv5): Conv2d(192, 64, kernel_size=(3, 3), stride=(1, 1), padding=(1, 1))
        (lrelu): LeakyReLU(negative_slope=0.2, inplace=True)
      )
      (rdb2): ResidualDenseBlock(
        (conv1): Conv2d(64, 32, kernel_size=(3, 3), stride=(1, 1), padding=(1, 1))
        (conv2): Conv2d(96, 32, kernel_size=(3, 3), stride=(1, 1), padding=(1, 1))
        (conv3): Conv2d(128, 32, kernel_size=(3, 3), stride=(1, 1), padding=(1, 1))
        (conv4): Conv2d(160, 32, kernel_size=(3, 3), stride=(1, 1), padding=(1, 1))
        (conv5): Conv2d(192, 64, kernel_size=(3, 3), stride=(1, 1), padding=(1, 1))
        (lrelu): LeakyReLU(negative_slope=0.2, inplace=True)
      )
      (rdb3): ResidualDenseBlock(
        (conv1): Conv2d(64, 32, kernel_size=(3, 3), stride=(1, 1), padding=(1, 1))
        (conv2): Conv2d(96, 32, kernel_size=(3, 3), stride=(1, 1), padding=(1, 1))
        (conv3): Conv2d(128, 32, kernel_size=(3, 3), stride=(1, 1), padding=(1, 1))
        (conv4): Conv2d(160, 32, kernel_size=(3, 3), stride=(1, 1), padding=(1, 1))
        (conv5): Conv2d(192, 64, kernel_size=(3, 3), stride=(1, 1), padding=(1, 1))
        (lrelu): LeakyReLU(negative_slope=0.2, inplace=True)
      )
    )
    (11): RRDB(
      (rdb1): ResidualDenseBlock(
        (conv1): Conv2d(64, 32, kernel_size=(3, 3), stride=(1, 1), padding=(1, 1))
        (conv2): Conv2d(96, 32, kernel_size=(3, 3), stride=(1, 1), padding=(1, 1))
        (conv3): Conv2d(128, 32, kernel_size=(3, 3), stride=(1, 1), padding=(1, 1))
        (conv4): Conv2d(160, 32, kernel_size=(3, 3), stride=(1, 1), padding=(1, 1))
        (conv5): Conv2d(192, 64, kernel_size=(3, 3), stride=(1, 1), padding=(1, 1))
        (lrelu): LeakyReLU(negative_slope=0.2, inplace=True)
      )
      (rdb2): ResidualDenseBlock(
        (conv1): Conv2d(64, 32, kernel_size=(3, 3), stride=(1, 1), padding=(1, 1))
        (conv2): Conv2d(96, 32, kernel_size=(3, 3), stride=(1, 1), padding=(1, 1))
        (conv3): Conv2d(128, 32, kernel_size=(3, 3), stride=(1, 1), padding=(1, 1))
        (conv4): Conv2d(160, 32, kernel_size=(3, 3), stride=(1, 1), padding=(1, 1))
        (conv5): Conv2d(192, 64, kernel_size=(3, 3), stride=(1, 1), padding=(1, 1))
        (lrelu): LeakyReLU(negative_slope=0.2, inplace=True)
      )
      (rdb3): ResidualDenseBlock(
        (conv1): Conv2d(64, 32, kernel_size=(3, 3), stride=(1, 1), padding=(1, 1))
        (conv2): Conv2d(96, 32, kernel_size=(3, 3), stride=(1, 1), padding=(1, 1))
        (conv3): Conv2d(128, 32, kernel_size=(3, 3), stride=(1, 1), padding=(1, 1))
        (conv4): Conv2d(160, 32, kernel_size=(3, 3), stride=(1, 1), padding=(1, 1))
        (conv5): Conv2d(192, 64, kernel_size=(3, 3), stride=(1, 1), padding=(1, 1))
        (lrelu): LeakyReLU(negative_slope=0.2, inplace=True)
      )
    )
    (12): RRDB(
      (rdb1): ResidualDenseBlock(
        (conv1): Conv2d(64, 32, kernel_size=(3, 3), stride=(1, 1), padding=(1, 1))
        (conv2): Conv2d(96, 32, kernel_size=(3, 3), stride=(1, 1), padding=(1, 1))
        (conv3): Conv2d(128, 32, kernel_size=(3, 3), stride=(1, 1), padding=(1, 1))
        (conv4): Conv2d(160, 32, kernel_size=(3, 3), stride=(1, 1), padding=(1, 1))
        (conv5): Conv2d(192, 64, kernel_size=(3, 3), stride=(1, 1), padding=(1, 1))
        (lrelu): LeakyReLU(negative_slope=0.2, inplace=True)
      )
      (rdb2): ResidualDenseBlock(
        (conv1): Conv2d(64, 32, kernel_size=(3, 3), stride=(1, 1), padding=(1, 1))
        (conv2): Conv2d(96, 32, kernel_size=(3, 3), stride=(1, 1), padding=(1, 1))
        (conv3): Conv2d(128, 32, kernel_size=(3, 3), stride=(1, 1), padding=(1, 1))
        (conv4): Conv2d(160, 32, kernel_size=(3, 3), stride=(1, 1), padding=(1, 1))
        (conv5): Conv2d(192, 64, kernel_size=(3, 3), stride=(1, 1), padding=(1, 1))
        (lrelu): LeakyReLU(negative_slope=0.2, inplace=True)
      )
      (rdb3): ResidualDenseBlock(
        (conv1): Conv2d(64, 32, kernel_size=(3, 3), stride=(1, 1), padding=(1, 1))
        (conv2): Conv2d(96, 32, kernel_size=(3, 3), stride=(1, 1), padding=(1, 1))
        (conv3): Conv2d(128, 32, kernel_size=(3, 3), stride=(1, 1), padding=(1, 1))
        (conv4): Conv2d(160, 32, kernel_size=(3, 3), stride=(1, 1), padding=(1, 1))
        (conv5): Conv2d(192, 64, kernel_size=(3, 3), stride=(1, 1), padding=(1, 1))
        (lrelu): LeakyReLU(negative_slope=0.2, inplace=True)
      )
    )
    (13): RRDB(
      (rdb1): ResidualDenseBlock(
        (conv1): Conv2d(64, 32, kernel_size=(3, 3), stride=(1, 1), padding=(1, 1))
        (conv2): Conv2d(96, 32, kernel_size=(3, 3), stride=(1, 1), padding=(1, 1))
        (conv3): Conv2d(128, 32, kernel_size=(3, 3), stride=(1, 1), padding=(1, 1))
        (conv4): Conv2d(160, 32, kernel_size=(3, 3), stride=(1, 1), padding=(1, 1))
        (conv5): Conv2d(192, 64, kernel_size=(3, 3), stride=(1, 1), padding=(1, 1))
        (lrelu): LeakyReLU(negative_slope=0.2, inplace=True)
      )
      (rdb2): ResidualDenseBlock(
        (conv1): Conv2d(64, 32, kernel_size=(3, 3), stride=(1, 1), padding=(1, 1))
        (conv2): Conv2d(96, 32, kernel_size=(3, 3), stride=(1, 1), padding=(1, 1))
        (conv3): Conv2d(128, 32, kernel_size=(3, 3), stride=(1, 1), padding=(1, 1))
        (conv4): Conv2d(160, 32, kernel_size=(3, 3), stride=(1, 1), padding=(1, 1))
        (conv5): Conv2d(192, 64, kernel_size=(3, 3), stride=(1, 1), padding=(1, 1))
        (lrelu): LeakyReLU(negative_slope=0.2, inplace=True)
      )
      (rdb3): ResidualDenseBlock(
        (conv1): Conv2d(64, 32, kernel_size=(3, 3), stride=(1, 1), padding=(1, 1))
        (conv2): Conv2d(96, 32, kernel_size=(3, 3), stride=(1, 1), padding=(1, 1))
        (conv3): Conv2d(128, 32, kernel_size=(3, 3), stride=(1, 1), padding=(1, 1))
        (conv4): Conv2d(160, 32, kernel_size=(3, 3), stride=(1, 1), padding=(1, 1))
        (conv5): Conv2d(192, 64, kernel_size=(3, 3), stride=(1, 1), padding=(1, 1))
        (lrelu): LeakyReLU(negative_slope=0.2, inplace=True)
      )
    )
    (14): RRDB(
      (rdb1): ResidualDenseBlock(
        (conv1): Conv2d(64, 32, kernel_size=(3, 3), stride=(1, 1), padding=(1, 1))
        (conv2): Conv2d(96, 32, kernel_size=(3, 3), stride=(1, 1), padding=(1, 1))
        (conv3): Conv2d(128, 32, kernel_size=(3, 3), stride=(1, 1), padding=(1, 1))
        (conv4): Conv2d(160, 32, kernel_size=(3, 3), stride=(1, 1), padding=(1, 1))
        (conv5): Conv2d(192, 64, kernel_size=(3, 3), stride=(1, 1), padding=(1, 1))
        (lrelu): LeakyReLU(negative_slope=0.2, inplace=True)
      )
      (rdb2): ResidualDenseBlock(
        (conv1): Conv2d(64, 32, kernel_size=(3, 3), stride=(1, 1), padding=(1, 1))
        (conv2): Conv2d(96, 32, kernel_size=(3, 3), stride=(1, 1), padding=(1, 1))
        (conv3): Conv2d(128, 32, kernel_size=(3, 3), stride=(1, 1), padding=(1, 1))
        (conv4): Conv2d(160, 32, kernel_size=(3, 3), stride=(1, 1), padding=(1, 1))
        (conv5): Conv2d(192, 64, kernel_size=(3, 3), stride=(1, 1), padding=(1, 1))
        (lrelu): LeakyReLU(negative_slope=0.2, inplace=True)
      )
      (rdb3): ResidualDenseBlock(
        (conv1): Conv2d(64, 32, kernel_size=(3, 3), stride=(1, 1), padding=(1, 1))
        (conv2): Conv2d(96, 32, kernel_size=(3, 3), stride=(1, 1), padding=(1, 1))
        (conv3): Conv2d(128, 32, kernel_size=(3, 3), stride=(1, 1), padding=(1, 1))
        (conv4): Conv2d(160, 32, kernel_size=(3, 3), stride=(1, 1), padding=(1, 1))
        (conv5): Conv2d(192, 64, kernel_size=(3, 3), stride=(1, 1), padding=(1, 1))
        (lrelu): LeakyReLU(negative_slope=0.2, inplace=True)
      )
    )
    (15): RRDB(
      (rdb1): ResidualDenseBlock(
        (conv1): Conv2d(64, 32, kernel_size=(3, 3), stride=(1, 1), padding=(1, 1))
        (conv2): Conv2d(96, 32, kernel_size=(3, 3), stride=(1, 1), padding=(1, 1))
        (conv3): Conv2d(128, 32, kernel_size=(3, 3), stride=(1, 1), padding=(1, 1))
        (conv4): Conv2d(160, 32, kernel_size=(3, 3), stride=(1, 1), padding=(1, 1))
        (conv5): Conv2d(192, 64, kernel_size=(3, 3), stride=(1, 1), padding=(1, 1))
        (lrelu): LeakyReLU(negative_slope=0.2, inplace=True)
      )
      (rdb2): ResidualDenseBlock(
        (conv1): Conv2d(64, 32, kernel_size=(3, 3), stride=(1, 1), padding=(1, 1))
        (conv2): Conv2d(96, 32, kernel_size=(3, 3), stride=(1, 1), padding=(1, 1))
        (conv3): Conv2d(128, 32, kernel_size=(3, 3), stride=(1, 1), padding=(1, 1))
        (conv4): Conv2d(160, 32, kernel_size=(3, 3), stride=(1, 1), padding=(1, 1))
        (conv5): Conv2d(192, 64, kernel_size=(3, 3), stride=(1, 1), padding=(1, 1))
        (lrelu): LeakyReLU(negative_slope=0.2, inplace=True)
      )
      (rdb3): ResidualDenseBlock(
        (conv1): Conv2d(64, 32, kernel_size=(3, 3), stride=(1, 1), padding=(1, 1))
        (conv2): Conv2d(96, 32, kernel_size=(3, 3), stride=(1, 1), padding=(1, 1))
        (conv3): Conv2d(128, 32, kernel_size=(3, 3), stride=(1, 1), padding=(1, 1))
        (conv4): Conv2d(160, 32, kernel_size=(3, 3), stride=(1, 1), padding=(1, 1))
        (conv5): Conv2d(192, 64, kernel_size=(3, 3), stride=(1, 1), padding=(1, 1))
        (lrelu): LeakyReLU(negative_slope=0.2, inplace=True)
      )
    )
    (16): RRDB(
      (rdb1): ResidualDenseBlock(
        (conv1): Conv2d(64, 32, kernel_size=(3, 3), stride=(1, 1), padding=(1, 1))
        (conv2): Conv2d(96, 32, kernel_size=(3, 3), stride=(1, 1), padding=(1, 1))
        (conv3): Conv2d(128, 32, kernel_size=(3, 3), stride=(1, 1), padding=(1, 1))
        (conv4): Conv2d(160, 32, kernel_size=(3, 3), stride=(1, 1), padding=(1, 1))
        (conv5): Conv2d(192, 64, kernel_size=(3, 3), stride=(1, 1), padding=(1, 1))
        (lrelu): LeakyReLU(negative_slope=0.2, inplace=True)
      )
      (rdb2): ResidualDenseBlock(
        (conv1): Conv2d(64, 32, kernel_size=(3, 3), stride=(1, 1), padding=(1, 1))
        (conv2): Conv2d(96, 32, kernel_size=(3, 3), stride=(1, 1), padding=(1, 1))
        (conv3): Conv2d(128, 32, kernel_size=(3, 3), stride=(1, 1), padding=(1, 1))
        (conv4): Conv2d(160, 32, kernel_size=(3, 3), stride=(1, 1), padding=(1, 1))
        (conv5): Conv2d(192, 64, kernel_size=(3, 3), stride=(1, 1), padding=(1, 1))
        (lrelu): LeakyReLU(negative_slope=0.2, inplace=True)
      )
      (rdb3): ResidualDenseBlock(
        (conv1): Conv2d(64, 32, kernel_size=(3, 3), stride=(1, 1), padding=(1, 1))
        (conv2): Conv2d(96, 32, kernel_size=(3, 3), stride=(1, 1), padding=(1, 1))
        (conv3): Conv2d(128, 32, kernel_size=(3, 3), stride=(1, 1), padding=(1, 1))
        (conv4): Conv2d(160, 32, kernel_size=(3, 3), stride=(1, 1), padding=(1, 1))
        (conv5): Conv2d(192, 64, kernel_size=(3, 3), stride=(1, 1), padding=(1, 1))
        (lrelu): LeakyReLU(negative_slope=0.2, inplace=True)
      )
    )
    (17): RRDB(
      (rdb1): ResidualDenseBlock(
        (conv1): Conv2d(64, 32, kernel_size=(3, 3), stride=(1, 1), padding=(1, 1))
        (conv2): Conv2d(96, 32, kernel_size=(3, 3), stride=(1, 1), padding=(1, 1))
        (conv3): Conv2d(128, 32, kernel_size=(3, 3), stride=(1, 1), padding=(1, 1))
        (conv4): Conv2d(160, 32, kernel_size=(3, 3), stride=(1, 1), padding=(1, 1))
        (conv5): Conv2d(192, 64, kernel_size=(3, 3), stride=(1, 1), padding=(1, 1))
        (lrelu): LeakyReLU(negative_slope=0.2, inplace=True)
      )
      (rdb2): ResidualDenseBlock(
        (conv1): Conv2d(64, 32, kernel_size=(3, 3), stride=(1, 1), padding=(1, 1))
        (conv2): Conv2d(96, 32, kernel_size=(3, 3), stride=(1, 1), padding=(1, 1))
        (conv3): Conv2d(128, 32, kernel_size=(3, 3), stride=(1, 1), padding=(1, 1))
        (conv4): Conv2d(160, 32, kernel_size=(3, 3), stride=(1, 1), padding=(1, 1))
        (conv5): Conv2d(192, 64, kernel_size=(3, 3), stride=(1, 1), padding=(1, 1))
        (lrelu): LeakyReLU(negative_slope=0.2, inplace=True)
      )
      (rdb3): ResidualDenseBlock(
        (conv1): Conv2d(64, 32, kernel_size=(3, 3), stride=(1, 1), padding=(1, 1))
        (conv2): Conv2d(96, 32, kernel_size=(3, 3), stride=(1, 1), padding=(1, 1))
        (conv3): Conv2d(128, 32, kernel_size=(3, 3), stride=(1, 1), padding=(1, 1))
        (conv4): Conv2d(160, 32, kernel_size=(3, 3), stride=(1, 1), padding=(1, 1))
        (conv5): Conv2d(192, 64, kernel_size=(3, 3), stride=(1, 1), padding=(1, 1))
        (lrelu): LeakyReLU(negative_slope=0.2, inplace=True)
      )
    )
    (18): RRDB(
      (rdb1): ResidualDenseBlock(
        (conv1): Conv2d(64, 32, kernel_size=(3, 3), stride=(1, 1), padding=(1, 1))
        (conv2): Conv2d(96, 32, kernel_size=(3, 3), stride=(1, 1), padding=(1, 1))
        (conv3): Conv2d(128, 32, kernel_size=(3, 3), stride=(1, 1), padding=(1, 1))
        (conv4): Conv2d(160, 32, kernel_size=(3, 3), stride=(1, 1), padding=(1, 1))
        (conv5): Conv2d(192, 64, kernel_size=(3, 3), stride=(1, 1), padding=(1, 1))
        (lrelu): LeakyReLU(negative_slope=0.2, inplace=True)
      )
      (rdb2): ResidualDenseBlock(
        (conv1): Conv2d(64, 32, kernel_size=(3, 3), stride=(1, 1), padding=(1, 1))
        (conv2): Conv2d(96, 32, kernel_size=(3, 3), stride=(1, 1), padding=(1, 1))
        (conv3): Conv2d(128, 32, kernel_size=(3, 3), stride=(1, 1), padding=(1, 1))
        (conv4): Conv2d(160, 32, kernel_size=(3, 3), stride=(1, 1), padding=(1, 1))
        (conv5): Conv2d(192, 64, kernel_size=(3, 3), stride=(1, 1), padding=(1, 1))
        (lrelu): LeakyReLU(negative_slope=0.2, inplace=True)
      )
      (rdb3): ResidualDenseBlock(
        (conv1): Conv2d(64, 32, kernel_size=(3, 3), stride=(1, 1), padding=(1, 1))
        (conv2): Conv2d(96, 32, kernel_size=(3, 3), stride=(1, 1), padding=(1, 1))
        (conv3): Conv2d(128, 32, kernel_size=(3, 3), stride=(1, 1), padding=(1, 1))
        (conv4): Conv2d(160, 32, kernel_size=(3, 3), stride=(1, 1), padding=(1, 1))
        (conv5): Conv2d(192, 64, kernel_size=(3, 3), stride=(1, 1), padding=(1, 1))
        (lrelu): LeakyReLU(negative_slope=0.2, inplace=True)
      )
    )
    (19): RRDB(
      (rdb1): ResidualDenseBlock(
        (conv1): Conv2d(64, 32, kernel_size=(3, 3), stride=(1, 1), padding=(1, 1))
        (conv2): Conv2d(96, 32, kernel_size=(3, 3), stride=(1, 1), padding=(1, 1))
        (conv3): Conv2d(128, 32, kernel_size=(3, 3), stride=(1, 1), padding=(1, 1))
        (conv4): Conv2d(160, 32, kernel_size=(3, 3), stride=(1, 1), padding=(1, 1))
        (conv5): Conv2d(192, 64, kernel_size=(3, 3), stride=(1, 1), padding=(1, 1))
        (lrelu): LeakyReLU(negative_slope=0.2, inplace=True)
      )
      (rdb2): ResidualDenseBlock(
        (conv1): Conv2d(64, 32, kernel_size=(3, 3), stride=(1, 1), padding=(1, 1))
        (conv2): Conv2d(96, 32, kernel_size=(3, 3), stride=(1, 1), padding=(1, 1))
        (conv3): Conv2d(128, 32, kernel_size=(3, 3), stride=(1, 1), padding=(1, 1))
        (conv4): Conv2d(160, 32, kernel_size=(3, 3), stride=(1, 1), padding=(1, 1))
        (conv5): Conv2d(192, 64, kernel_size=(3, 3), stride=(1, 1), padding=(1, 1))
        (lrelu): LeakyReLU(negative_slope=0.2, inplace=True)
      )
      (rdb3): ResidualDenseBlock(
        (conv1): Conv2d(64, 32, kernel_size=(3, 3), stride=(1, 1), padding=(1, 1))
        (conv2): Conv2d(96, 32, kernel_size=(3, 3), stride=(1, 1), padding=(1, 1))
        (conv3): Conv2d(128, 32, kernel_size=(3, 3), stride=(1, 1), padding=(1, 1))
        (conv4): Conv2d(160, 32, kernel_size=(3, 3), stride=(1, 1), padding=(1, 1))
        (conv5): Conv2d(192, 64, kernel_size=(3, 3), stride=(1, 1), padding=(1, 1))
        (lrelu): LeakyReLU(negative_slope=0.2, inplace=True)
      )
    )
    (20): RRDB(
      (rdb1): ResidualDenseBlock(
        (conv1): Conv2d(64, 32, kernel_size=(3, 3), stride=(1, 1), padding=(1, 1))
        (conv2): Conv2d(96, 32, kernel_size=(3, 3), stride=(1, 1), padding=(1, 1))
        (conv3): Conv2d(128, 32, kernel_size=(3, 3), stride=(1, 1), padding=(1, 1))
        (conv4): Conv2d(160, 32, kernel_size=(3, 3), stride=(1, 1), padding=(1, 1))
        (conv5): Conv2d(192, 64, kernel_size=(3, 3), stride=(1, 1), padding=(1, 1))
        (lrelu): LeakyReLU(negative_slope=0.2, inplace=True)
      )
      (rdb2): ResidualDenseBlock(
        (conv1): Conv2d(64, 32, kernel_size=(3, 3), stride=(1, 1), padding=(1, 1))
        (conv2): Conv2d(96, 32, kernel_size=(3, 3), stride=(1, 1), padding=(1, 1))
        (conv3): Conv2d(128, 32, kernel_size=(3, 3), stride=(1, 1), padding=(1, 1))
        (conv4): Conv2d(160, 32, kernel_size=(3, 3), stride=(1, 1), padding=(1, 1))
        (conv5): Conv2d(192, 64, kernel_size=(3, 3), stride=(1, 1), padding=(1, 1))
        (lrelu): LeakyReLU(negative_slope=0.2, inplace=True)
      )
      (rdb3): ResidualDenseBlock(
        (conv1): Conv2d(64, 32, kernel_size=(3, 3), stride=(1, 1), padding=(1, 1))
        (conv2): Conv2d(96, 32, kernel_size=(3, 3), stride=(1, 1), padding=(1, 1))
        (conv3): Conv2d(128, 32, kernel_size=(3, 3), stride=(1, 1), padding=(1, 1))
        (conv4): Conv2d(160, 32, kernel_size=(3, 3), stride=(1, 1), padding=(1, 1))
        (conv5): Conv2d(192, 64, kernel_size=(3, 3), stride=(1, 1), padding=(1, 1))
        (lrelu): LeakyReLU(negative_slope=0.2, inplace=True)
      )
    )
    (21): RRDB(
      (rdb1): ResidualDenseBlock(
        (conv1): Conv2d(64, 32, kernel_size=(3, 3), stride=(1, 1), padding=(1, 1))
        (conv2): Conv2d(96, 32, kernel_size=(3, 3), stride=(1, 1), padding=(1, 1))
        (conv3): Conv2d(128, 32, kernel_size=(3, 3), stride=(1, 1), padding=(1, 1))
        (conv4): Conv2d(160, 32, kernel_size=(3, 3), stride=(1, 1), padding=(1, 1))
        (conv5): Conv2d(192, 64, kernel_size=(3, 3), stride=(1, 1), padding=(1, 1))
        (lrelu): LeakyReLU(negative_slope=0.2, inplace=True)
      )
      (rdb2): ResidualDenseBlock(
        (conv1): Conv2d(64, 32, kernel_size=(3, 3), stride=(1, 1), padding=(1, 1))
        (conv2): Conv2d(96, 32, kernel_size=(3, 3), stride=(1, 1), padding=(1, 1))
        (conv3): Conv2d(128, 32, kernel_size=(3, 3), stride=(1, 1), padding=(1, 1))
        (conv4): Conv2d(160, 32, kernel_size=(3, 3), stride=(1, 1), padding=(1, 1))
        (conv5): Conv2d(192, 64, kernel_size=(3, 3), stride=(1, 1), padding=(1, 1))
        (lrelu): LeakyReLU(negative_slope=0.2, inplace=True)
      )
      (rdb3): ResidualDenseBlock(
        (conv1): Conv2d(64, 32, kernel_size=(3, 3), stride=(1, 1), padding=(1, 1))
        (conv2): Conv2d(96, 32, kernel_size=(3, 3), stride=(1, 1), padding=(1, 1))
        (conv3): Conv2d(128, 32, kernel_size=(3, 3), stride=(1, 1), padding=(1, 1))
        (conv4): Conv2d(160, 32, kernel_size=(3, 3), stride=(1, 1), padding=(1, 1))
        (conv5): Conv2d(192, 64, kernel_size=(3, 3), stride=(1, 1), padding=(1, 1))
        (lrelu): LeakyReLU(negative_slope=0.2, inplace=True)
      )
    )
    (22): RRDB(
      (rdb1): ResidualDenseBlock(
        (conv1): Conv2d(64, 32, kernel_size=(3, 3), stride=(1, 1), padding=(1, 1))
        (conv2): Conv2d(96, 32, kernel_size=(3, 3), stride=(1, 1), padding=(1, 1))
        (conv3): Conv2d(128, 32, kernel_size=(3, 3), stride=(1, 1), padding=(1, 1))
        (conv4): Conv2d(160, 32, kernel_size=(3, 3), stride=(1, 1), padding=(1, 1))
        (conv5): Conv2d(192, 64, kernel_size=(3, 3), stride=(1, 1), padding=(1, 1))
        (lrelu): LeakyReLU(negative_slope=0.2, inplace=True)
      )
      (rdb2): ResidualDenseBlock(
        (conv1): Conv2d(64, 32, kernel_size=(3, 3), stride=(1, 1), padding=(1, 1))
        (conv2): Conv2d(96, 32, kernel_size=(3, 3), stride=(1, 1), padding=(1, 1))
        (conv3): Conv2d(128, 32, kernel_size=(3, 3), stride=(1, 1), padding=(1, 1))
        (conv4): Conv2d(160, 32, kernel_size=(3, 3), stride=(1, 1), padding=(1, 1))
        (conv5): Conv2d(192, 64, kernel_size=(3, 3), stride=(1, 1), padding=(1, 1))
        (lrelu): LeakyReLU(negative_slope=0.2, inplace=True)
      )
      (rdb3): ResidualDenseBlock(
        (conv1): Conv2d(64, 32, kernel_size=(3, 3), stride=(1, 1), padding=(1, 1))
        (conv2): Conv2d(96, 32, kernel_size=(3, 3), stride=(1, 1), padding=(1, 1))
        (conv3): Conv2d(128, 32, kernel_size=(3, 3), stride=(1, 1), padding=(1, 1))
        (conv4): Conv2d(160, 32, kernel_size=(3, 3), stride=(1, 1), padding=(1, 1))
        (conv5): Conv2d(192, 64, kernel_size=(3, 3), stride=(1, 1), padding=(1, 1))
        (lrelu): LeakyReLU(negative_slope=0.2, inplace=True)
      )
    )
  )
  (conv_body): Conv2d(64, 64, kernel_size=(3, 3), stride=(1, 1), padding=(1, 1))
  (conv_up1): Conv2d(64, 64, kernel_size=(3, 3), stride=(1, 1), padding=(1, 1))
  (conv_up2): Conv2d(64, 64, kernel_size=(3, 3), stride=(1, 1), padding=(1, 1))
  (conv_hr): Conv2d(64, 64, kernel_size=(3, 3), stride=(1, 1), padding=(1, 1))
  (conv_last): Conv2d(64, 3, kernel_size=(3, 3), stride=(1, 1), padding=(1, 1))
  (lrelu): LeakyReLU(negative_slope=0.2, inplace=True)
)
2024-03-24 04:46:26,880 INFO: Loading: params_ema does not exist, use params.
2024-03-24 04:46:26,880 INFO: Loading RRDBNet model from experiments/pretrained_models/ESRGAN_SRx4_DF2KOST_official-ff704c30.pth, with param key: [params].
2024-03-24 04:46:26,981 INFO: Use Exponential Moving Average with decay: 0.999
2024-03-24 04:46:27,181 INFO: Network [RRDBNet] is created.
2024-03-24 04:46:27,345 INFO: Loading: params_ema does not exist, use params.
2024-03-24 04:46:27,345 INFO: Loading RRDBNet model from experiments/pretrained_models/ESRGAN_SRx4_DF2KOST_official-ff704c30.pth, with param key: [params].
2024-03-24 04:46:27,436 INFO: Loss [L1Loss] is created.
2024-03-24 04:46:27,461 INFO: Model [RealESRNetModel] is created.
2024-03-24 04:46:40,960 INFO: Start training from epoch: 0, iter: 0
2024-03-24 04:51:11,240 INFO: [train..][epoch:  0, iter:     100, lr:(1.000e-04,)] [eta: 2 days, 14:30:37, time (data): 2.703 (0.154)] l_pix: 7.6174e-02 
2024-03-24 04:55:43,931 INFO: [train..][epoch:  0, iter:     200, lr:(1.000e-04,)] [eta: 2 days, 20:59:20, time (data): 2.715 (0.078)] l_pix: 8.5605e-02 
2024-03-24 05:00:18,267 INFO: [train..][epoch:  0, iter:     300, lr:(1.000e-04,)] [eta: 2 days, 23:15:48, time (data): 2.745 (0.003)] l_pix: 8.0436e-02 
2024-03-24 05:04:52,095 INFO: [train..][epoch:  0, iter:     400, lr:(1.000e-04,)] [eta: 3 days, 0:19:51, time (data): 2.742 (0.003)] l_pix: 5.7164e-02 
2024-03-24 05:14:36,982 INFO: [train..][epoch:  0, iter:     500, lr:(1.000e-04,)] [eta: 3 days, 18:06:06, time (data): 5.911 (0.003)] l_pix: 7.3324e-02 
2024-03-24 05:27:13,990 INFO: [train..][epoch:  0, iter:     600, lr:(1.000e-04,)] [eta: 4 days, 13:48:44, time (data): 6.749 (0.003)] l_pix: 8.7898e-02 
2024-03-24 05:38:31,852 INFO: [train..][epoch:  0, iter:     700, lr:(1.000e-04,)] [eta: 5 days, 0:43:30, time (data): 6.762 (0.003)] l_pix: 8.0200e-02 
2024-03-24 05:43:44,433 INFO: [train..][epoch:  0, iter:     800, lr:(1.000e-04,)] [eta: 4 days, 20:18:00, time (data): 4.916 (0.003)] l_pix: 6.6353e-02 
2024-03-24 05:53:23,580 INFO: [train..][epoch:  0, iter:     900, lr:(1.000e-04,)] [eta: 5 days, 0:58:56, time (data): 5.794 (0.003)] l_pix: 1.0108e-01 
2024-03-24 05:59:40,820 INFO: [train..][epoch:  0, iter:   1,000, lr:(1.000e-04,)] [eta: 4 days, 23:08:59, time (data): 4.763 (0.003)] l_pix: 7.2989e-02 
2024-03-24 06:04:34,078 INFO: [train..][epoch:  0, iter:   1,100, lr:(1.000e-04,)] [eta: 4 days, 19:32:08, time (data): 2.935 (0.003)] l_pix: 1.0521e-01 
2024-03-24 06:09:27,545 INFO: [train..][epoch:  0, iter:   1,200, lr:(1.000e-04,)] [eta: 4 days, 16:30:53, time (data): 2.935 (0.003)] l_pix: 8.3755e-02 
2024-03-24 06:14:20,645 INFO: [train..][epoch:  0, iter:   1,300, lr:(1.000e-04,)] [eta: 4 days, 13:56:16, time (data): 2.931 (0.003)] l_pix: 7.1024e-02 
2024-03-24 06:19:14,033 INFO: [train..][epoch:  0, iter:   1,400, lr:(1.000e-04,)] [eta: 4 days, 11:43:22, time (data): 2.933 (0.003)] l_pix: 8.3767e-02 
2024-03-24 06:24:43,470 INFO: [train..][epoch:  1, iter:   1,500, lr:(1.000e-04,)] [eta: 4 days, 10:26:57, time (data): 3.323 (0.179)] l_pix: 6.7991e-02 
2024-03-24 06:30:09,520 INFO: [train..][epoch:  1, iter:   1,600, lr:(1.000e-04,)] [eta: 4 days, 9:15:55, time (data): 3.291 (0.088)] l_pix: 8.3368e-02 
2024-03-24 06:35:37,010 INFO: [train..][epoch:  1, iter:   1,700, lr:(1.000e-04,)] [eta: 4 days, 8:14:00, time (data): 3.262 (0.003)] l_pix: 6.4534e-02 
2024-03-24 06:41:02,672 INFO: [train..][epoch:  1, iter:   1,800, lr:(1.000e-04,)] [eta: 4 days, 7:16:41, time (data): 3.259 (0.003)] l_pix: 9.3057e-02 
2024-03-24 06:46:28,722 INFO: [train..][epoch:  1, iter:   1,900, lr:(1.000e-04,)] [eta: 4 days, 6:25:09, time (data): 3.262 (0.003)] l_pix: 8.1001e-02 
2024-03-24 06:51:48,095 INFO: [train..][epoch:  1, iter:   2,000, lr:(1.000e-04,)] [eta: 4 days, 5:32:47, time (data): 3.226 (0.003)] l_pix: 1.0523e-01 
2024-03-24 06:56:48,381 INFO: [train..][epoch:  1, iter:   2,100, lr:(1.000e-04,)] [eta: 4 days, 4:30:04, time (data): 3.004 (0.003)] l_pix: 7.0659e-02 
2024-03-24 07:01:48,370 INFO: [train..][epoch:  1, iter:   2,200, lr:(1.000e-04,)] [eta: 4 days, 3:32:23, time (data): 3.002 (0.003)] l_pix: 7.9195e-02 
2024-03-24 07:06:48,661 INFO: [train..][epoch:  1, iter:   2,300, lr:(1.000e-04,)] [eta: 4 days, 2:39:29, time (data): 3.005 (0.003)] l_pix: 8.5243e-02 
2024-03-24 07:11:48,335 INFO: [train..][epoch:  1, iter:   2,400, lr:(1.000e-04,)] [eta: 4 days, 1:50:10, time (data): 3.001 (0.003)] l_pix: 7.1342e-02 
2024-03-24 07:16:48,687 INFO: [train..][epoch:  1, iter:   2,500, lr:(1.000e-04,)] [eta: 4 days, 1:04:50, time (data): 3.004 (0.003)] l_pix: 8.7721e-02 
2024-03-24 07:21:48,795 INFO: [train..][epoch:  1, iter:   2,600, lr:(1.000e-04,)] [eta: 4 days, 0:22:26, time (data): 3.003 (0.003)] l_pix: 9.5328e-02 
2024-03-24 07:26:48,934 INFO: [train..][epoch:  1, iter:   2,700, lr:(1.000e-04,)] [eta: 3 days, 23:42:50, time (data): 3.004 (0.003)] l_pix: 6.9198e-02 
2024-03-24 07:31:48,246 INFO: [train..][epoch:  1, iter:   2,800, lr:(1.000e-04,)] [eta: 3 days, 23:05:14, time (data): 2.998 (0.003)] l_pix: 7.6406e-02 
2024-03-24 07:36:59,205 INFO: [train..][epoch:  2, iter:   2,900, lr:(1.000e-04,)] [eta: 3 days, 22:36:22, time (data): 3.135 (0.178)] l_pix: 9.3807e-02 
2024-03-24 07:41:55,098 INFO: [train..][epoch:  2, iter:   3,000, lr:(1.000e-04,)] [eta: 3 days, 22:00:58, time (data): 3.040 (0.084)] l_pix: 8.6335e-02 
2024-03-24 07:46:51,037 INFO: [train..][epoch:  2, iter:   3,100, lr:(1.000e-04,)] [eta: 3 days, 21:27:33, time (data): 2.962 (0.003)] l_pix: 9.3989e-02 
2024-03-24 07:51:46,887 INFO: [train..][epoch:  2, iter:   3,200, lr:(1.000e-04,)] [eta: 3 days, 20:55:52, time (data): 2.960 (0.003)] l_pix: 8.2935e-02 
2024-03-24 07:56:42,987 INFO: [train..][epoch:  2, iter:   3,300, lr:(1.000e-04,)] [eta: 3 days, 20:25:56, time (data): 2.961 (0.003)] l_pix: 9.3501e-02 
2024-03-24 08:01:38,853 INFO: [train..][epoch:  2, iter:   3,400, lr:(1.000e-04,)] [eta: 3 days, 19:57:22, time (data): 2.960 (0.003)] l_pix: 1.1652e-01 
2024-03-24 08:06:34,840 INFO: [train..][epoch:  2, iter:   3,500, lr:(1.000e-04,)] [eta: 3 days, 19:30:11, time (data): 2.963 (0.003)] l_pix: 7.4110e-02 
2024-03-24 08:11:30,637 INFO: [train..][epoch:  2, iter:   3,600, lr:(1.000e-04,)] [eta: 3 days, 19:04:10, time (data): 2.960 (0.003)] l_pix: 9.4960e-02 
2024-03-24 08:16:27,562 INFO: [train..][epoch:  2, iter:   3,700, lr:(1.000e-04,)] [eta: 3 days, 18:39:47, time (data): 2.971 (0.003)] l_pix: 7.6840e-02 
2024-03-24 08:21:24,293 INFO: [train..][epoch:  2, iter:   3,800, lr:(1.000e-04,)] [eta: 3 days, 18:16:20, time (data): 2.969 (0.003)] l_pix: 1.1149e-01 
2024-03-24 08:26:20,535 INFO: [train..][epoch:  2, iter:   3,900, lr:(1.000e-04,)] [eta: 3 days, 17:53:38, time (data): 2.965 (0.003)] l_pix: 7.8846e-02 
2024-03-24 08:31:16,411 INFO: [train..][epoch:  2, iter:   4,000, lr:(1.000e-04,)] [eta: 3 days, 17:31:40, time (data): 2.962 (0.003)] l_pix: 8.3950e-02 
2024-03-24 08:36:12,814 INFO: [train..][epoch:  2, iter:   4,100, lr:(1.000e-04,)] [eta: 3 days, 17:10:45, time (data): 2.965 (0.003)] l_pix: 8.2481e-02 
2024-03-24 08:41:09,133 INFO: [train..][epoch:  2, iter:   4,200, lr:(1.000e-04,)] [eta: 3 days, 16:50:33, time (data): 2.964 (0.003)] l_pix: 7.6445e-02 
2024-03-24 08:46:04,779 INFO: [train..][epoch:  2, iter:   4,300, lr:(1.000e-04,)] [eta: 3 days, 16:30:49, time (data): 2.958 (0.003)] l_pix: 6.7674e-02 
2024-03-24 08:51:15,768 INFO: [train..][epoch:  3, iter:   4,400, lr:(1.000e-04,)] [eta: 3 days, 16:17:18, time (data): 3.043 (0.087)] l_pix: 8.5011e-02 
2024-03-24 08:56:11,216 INFO: [train..][epoch:  3, iter:   4,500, lr:(1.000e-04,)] [eta: 3 days, 15:58:40, time (data): 2.955 (0.003)] l_pix: 8.9844e-02 
2024-03-24 09:01:07,098 INFO: [train..][epoch:  3, iter:   4,600, lr:(1.000e-04,)] [eta: 3 days, 15:40:47, time (data): 2.957 (0.003)] l_pix: 8.2004e-02 
2024-03-24 09:06:03,290 INFO: [train..][epoch:  3, iter:   4,700, lr:(1.000e-04,)] [eta: 3 days, 15:23:33, time (data): 2.964 (0.003)] l_pix: 6.9804e-02 
2024-03-24 09:10:59,754 INFO: [train..][epoch:  3, iter:   4,800, lr:(1.000e-04,)] [eta: 3 days, 15:06:55, time (data): 2.964 (0.003)] l_pix: 6.9319e-02 
2024-03-24 09:15:55,627 INFO: [train..][epoch:  3, iter:   4,900, lr:(1.000e-04,)] [eta: 3 days, 14:50:35, time (data): 2.959 (0.003)] l_pix: 7.1218e-02 
2024-03-24 09:20:52,003 INFO: [train..][epoch:  3, iter:   5,000, lr:(1.000e-04,)] [eta: 3 days, 14:34:51, time (data): 2.962 (0.003)] l_pix: 6.2762e-02 
2024-03-24 09:20:52,004 INFO: Saving models and training states.
2024-03-24 09:25:49,014 INFO: [train..][epoch:  3, iter:   5,100, lr:(1.000e-04,)] [eta: 3 days, 14:19:45, time (data): 2.968 (0.003)] l_pix: 7.0925e-02 
2024-03-24 09:30:44,863 INFO: [train..][epoch:  3, iter:   5,200, lr:(1.000e-04,)] [eta: 3 days, 14:04:41, time (data): 2.963 (0.003)] l_pix: 1.1106e-01 
2024-03-24 09:35:41,420 INFO: [train..][epoch:  3, iter:   5,300, lr:(1.000e-04,)] [eta: 3 days, 13:50:12, time (data): 2.967 (0.003)] l_pix: 1.0055e-01 
2024-03-24 09:40:38,274 INFO: [train..][epoch:  3, iter:   5,400, lr:(1.000e-04,)] [eta: 3 days, 13:36:10, time (data): 2.968 (0.003)] l_pix: 6.4427e-02 
2024-03-24 09:45:34,543 INFO: [train..][epoch:  3, iter:   5,500, lr:(1.000e-04,)] [eta: 3 days, 13:22:17, time (data): 2.964 (0.003)] l_pix: 8.2079e-02 
2024-03-24 09:50:30,826 INFO: [train..][epoch:  3, iter:   5,600, lr:(1.000e-04,)] [eta: 3 days, 13:08:44, time (data): 2.963 (0.003)] l_pix: 9.2948e-02 
2024-03-24 09:55:26,948 INFO: [train..][epoch:  3, iter:   5,700, lr:(1.000e-04,)] [eta: 3 days, 12:55:27, time (data): 2.960 (0.003)] l_pix: 8.0022e-02 
2024-03-24 10:00:38,088 INFO: [train..][epoch:  4, iter:   5,800, lr:(1.000e-04,)] [eta: 3 days, 12:46:30, time (data): 3.048 (0.089)] l_pix: 8.7937e-02 
2024-03-24 10:05:34,290 INFO: [train..][epoch:  4, iter:   5,900, lr:(1.000e-04,)] [eta: 3 days, 12:33:43, time (data): 2.965 (0.003)] l_pix: 9.4643e-02 
2024-03-24 10:10:30,484 INFO: [train..][epoch:  4, iter:   6,000, lr:(1.000e-04,)] [eta: 3 days, 12:21:12, time (data): 2.963 (0.003)] l_pix: 9.3628e-02 
2024-03-24 10:15:26,400 INFO: [train..][epoch:  4, iter:   6,100, lr:(1.000e-04,)] [eta: 3 days, 12:08:51, time (data): 2.960 (0.003)] l_pix: 9.8224e-02 
2024-03-24 10:20:23,008 INFO: [train..][epoch:  4, iter:   6,200, lr:(1.000e-04,)] [eta: 3 days, 11:56:55, time (data): 2.963 (0.003)] l_pix: 6.6789e-02 
2024-03-24 10:25:19,274 INFO: [train..][epoch:  4, iter:   6,300, lr:(1.000e-04,)] [eta: 3 days, 11:45:07, time (data): 2.965 (0.003)] l_pix: 8.9988e-02 
2024-03-24 10:30:15,390 INFO: [train..][epoch:  4, iter:   6,400, lr:(1.000e-04,)] [eta: 3 days, 11:33:30, time (data): 2.963 (0.003)] l_pix: 6.6901e-02 
2024-03-24 10:35:11,649 INFO: [train..][epoch:  4, iter:   6,500, lr:(1.000e-04,)] [eta: 3 days, 11:22:07, time (data): 2.966 (0.003)] l_pix: 7.6647e-02 
2024-03-24 10:40:08,062 INFO: [train..][epoch:  4, iter:   6,600, lr:(1.000e-04,)] [eta: 3 days, 11:10:58, time (data): 2.965 (0.003)] l_pix: 9.7288e-02 
2024-03-24 10:45:04,633 INFO: [train..][epoch:  4, iter:   6,700, lr:(1.000e-04,)] [eta: 3 days, 11:00:03, time (data): 2.970 (0.003)] l_pix: 6.7742e-02 
2024-03-24 10:50:01,371 INFO: [train..][epoch:  4, iter:   6,800, lr:(1.000e-04,)] [eta: 3 days, 10:49:20, time (data): 2.969 (0.003)] l_pix: 1.0030e-01 
2024-03-24 10:54:57,570 INFO: [train..][epoch:  4, iter:   6,900, lr:(1.000e-04,)] [eta: 3 days, 10:38:40, time (data): 2.961 (0.003)] l_pix: 8.6939e-02 
2024-03-24 10:59:53,659 INFO: [train..][epoch:  4, iter:   7,000, lr:(1.000e-04,)] [eta: 3 days, 10:28:09, time (data): 2.961 (0.003)] l_pix: 9.3474e-02 
2024-03-24 11:04:50,074 INFO: [train..][epoch:  4, iter:   7,100, lr:(1.000e-04,)] [eta: 3 days, 10:17:51, time (data): 2.965 (0.003)] l_pix: 9.4103e-02 
2024-03-24 11:10:01,387 INFO: [train..][epoch:  5, iter:   7,200, lr:(1.000e-04,)] [eta: 3 days, 10:10:54, time (data): 3.055 (0.094)] l_pix: 8.0486e-02 
2024-03-24 11:14:57,582 INFO: [train..][epoch:  5, iter:   7,300, lr:(1.000e-04,)] [eta: 3 days, 10:00:48, time (data): 2.965 (0.003)] l_pix: 8.0682e-02 
2024-03-24 11:19:53,959 INFO: [train..][epoch:  5, iter:   7,400, lr:(1.000e-04,)] [eta: 3 days, 9:50:53, time (data): 2.964 (0.003)] l_pix: 6.5549e-02 
2024-03-24 11:24:50,089 INFO: [train..][epoch:  5, iter:   7,500, lr:(1.000e-04,)] [eta: 3 days, 9:41:02, time (data): 2.965 (0.003)] l_pix: 9.0983e-02 
2024-03-24 11:29:46,293 INFO: [train..][epoch:  5, iter:   7,600, lr:(1.000e-04,)] [eta: 3 days, 9:31:21, time (data): 2.963 (0.003)] l_pix: 9.6082e-02 
2024-03-24 11:34:42,354 INFO: [train..][epoch:  5, iter:   7,700, lr:(1.000e-04,)] [eta: 3 days, 9:21:44, time (data): 2.965 (0.003)] l_pix: 6.7028e-02 
2024-03-24 11:39:38,740 INFO: [train..][epoch:  5, iter:   7,800, lr:(1.000e-04,)] [eta: 3 days, 9:12:19, time (data): 2.964 (0.003)] l_pix: 6.7912e-02 
2024-03-24 11:44:35,093 INFO: [train..][epoch:  5, iter:   7,900, lr:(1.000e-04,)] [eta: 3 days, 9:03:01, time (data): 2.962 (0.003)] l_pix: 6.5488e-02 
2024-03-24 11:49:31,526 INFO: [train..][epoch:  5, iter:   8,000, lr:(1.000e-04,)] [eta: 3 days, 8:53:50, time (data): 2.964 (0.003)] l_pix: 8.6187e-02 
2024-03-24 11:54:27,888 INFO: [train..][epoch:  5, iter:   8,100, lr:(1.000e-04,)] [eta: 3 days, 8:44:44, time (data): 2.966 (0.003)] l_pix: 9.2346e-02 
2024-03-24 11:59:23,767 INFO: [train..][epoch:  5, iter:   8,200, lr:(1.000e-04,)] [eta: 3 days, 8:35:39, time (data): 2.961 (0.003)] l_pix: 6.2558e-02 
2024-03-24 12:04:20,090 INFO: [train..][epoch:  5, iter:   8,300, lr:(1.000e-04,)] [eta: 3 days, 8:26:45, time (data): 2.966 (0.003)] l_pix: 8.2658e-02 
2024-03-24 12:09:16,686 INFO: [train..][epoch:  5, iter:   8,400, lr:(1.000e-04,)] [eta: 3 days, 8:17:59, time (data): 2.966 (0.003)] l_pix: 8.3449e-02 
2024-03-24 12:14:12,944 INFO: [train..][epoch:  5, iter:   8,500, lr:(1.000e-04,)] [eta: 3 days, 8:09:16, time (data): 2.962 (0.003)] l_pix: 7.1904e-02 
2024-03-24 12:19:09,399 INFO: [train..][epoch:  5, iter:   8,600, lr:(1.000e-04,)] [eta: 3 days, 8:00:39, time (data): 2.964 (0.003)] l_pix: 1.0225e-01 
2024-03-24 12:24:20,881 INFO: [train..][epoch:  6, iter:   8,700, lr:(1.000e-04,)] [eta: 3 days, 7:54:46, time (data): 2.965 (0.003)] l_pix: 7.3035e-02 
2024-03-24 12:29:17,453 INFO: [train..][epoch:  6, iter:   8,800, lr:(1.000e-04,)] [eta: 3 days, 7:46:19, time (data): 2.965 (0.003)] l_pix: 8.8822e-02 
2024-03-24 12:34:14,402 INFO: [train..][epoch:  6, iter:   8,900, lr:(1.000e-04,)] [eta: 3 days, 7:38:00, time (data): 2.966 (0.003)] l_pix: 9.8984e-02 
2024-03-24 12:39:11,396 INFO: [train..][epoch:  6, iter:   9,000, lr:(1.000e-04,)] [eta: 3 days, 7:29:47, time (data): 2.969 (0.003)] l_pix: 7.3838e-02 
2024-03-24 12:44:07,623 INFO: [train..][epoch:  6, iter:   9,100, lr:(1.000e-04,)] [eta: 3 days, 7:21:30, time (data): 2.963 (0.003)] l_pix: 7.8950e-02 
2024-03-24 12:49:04,152 INFO: [train..][epoch:  6, iter:   9,200, lr:(1.000e-04,)] [eta: 3 days, 7:13:20, time (data): 2.964 (0.003)] l_pix: 1.0164e-01 
2024-03-24 12:54:00,479 INFO: [train..][epoch:  6, iter:   9,300, lr:(1.000e-04,)] [eta: 3 days, 7:05:13, time (data): 2.967 (0.003)] l_pix: 8.0094e-02 
2024-03-24 12:58:56,999 INFO: [train..][epoch:  6, iter:   9,400, lr:(1.000e-04,)] [eta: 3 days, 6:57:11, time (data): 2.966 (0.003)] l_pix: 8.0583e-02 
2024-03-24 13:03:53,492 INFO: [train..][epoch:  6, iter:   9,500, lr:(1.000e-04,)] [eta: 3 days, 6:49:13, time (data): 2.965 (0.003)] l_pix: 8.6194e-02 
2024-03-24 13:08:50,184 INFO: [train..][epoch:  6, iter:   9,600, lr:(1.000e-04,)] [eta: 3 days, 6:41:21, time (data): 2.966 (0.003)] l_pix: 1.0310e-01 
2024-03-24 13:13:46,600 INFO: [train..][epoch:  6, iter:   9,700, lr:(1.000e-04,)] [eta: 3 days, 6:33:30, time (data): 2.966 (0.003)] l_pix: 9.6168e-02 
2024-03-24 13:18:43,541 INFO: [train..][epoch:  6, iter:   9,800, lr:(1.000e-04,)] [eta: 3 days, 6:25:47, time (data): 2.968 (0.003)] l_pix: 9.7334e-02 
2024-03-24 13:23:39,963 INFO: [train..][epoch:  6, iter:   9,900, lr:(1.000e-04,)] [eta: 3 days, 6:18:03, time (data): 2.970 (0.003)] l_pix: 9.8863e-02 
2024-03-24 13:28:36,380 INFO: [train..][epoch:  6, iter:  10,000, lr:(1.000e-04,)] [eta: 3 days, 6:10:22, time (data): 2.966 (0.003)] l_pix: 9.7272e-02 
2024-03-24 13:28:36,380 INFO: Saving models and training states.
2024-03-24 13:34:25,734 INFO: [train..][epoch:  7, iter:  10,100, lr:(1.000e-04,)] [eta: 3 days, 6:10:36, time (data): 3.518 (0.305)] l_pix: 7.7585e-02 
2024-03-24 13:39:47,048 INFO: [train..][epoch:  7, iter:  10,200, lr:(1.000e-04,)] [eta: 3 days, 6:06:35, time (data): 3.315 (0.104)] l_pix: 7.3365e-02 
2024-03-24 13:45:08,617 INFO: [train..][epoch:  7, iter:  10,300, lr:(1.000e-04,)] [eta: 3 days, 6:02:36, time (data): 3.219 (0.003)] l_pix: 7.9567e-02 
2024-03-24 13:50:30,435 INFO: [train..][epoch:  7, iter:  10,400, lr:(1.000e-04,)] [eta: 3 days, 5:58:36, time (data): 3.219 (0.003)] l_pix: 1.0364e-01 
2024-03-24 13:55:51,826 INFO: [train..][epoch:  7, iter:  10,500, lr:(1.000e-04,)] [eta: 3 days, 5:54:32, time (data): 3.214 (0.003)] l_pix: 9.9946e-02 
2024-03-24 14:01:13,619 INFO: [train..][epoch:  7, iter:  10,600, lr:(1.000e-04,)] [eta: 3 days, 5:50:30, time (data): 3.217 (0.003)] l_pix: 7.0634e-02 
2024-03-24 14:06:34,894 INFO: [train..][epoch:  7, iter:  10,700, lr:(1.000e-04,)] [eta: 3 days, 5:46:21, time (data): 3.215 (0.003)] l_pix: 8.4872e-02 
2024-03-24 14:11:57,105 INFO: [train..][epoch:  7, iter:  10,800, lr:(1.000e-04,)] [eta: 3 days, 5:42:20, time (data): 3.220 (0.003)] l_pix: 7.0508e-02 
2024-03-24 14:17:18,672 INFO: [train..][epoch:  7, iter:  10,900, lr:(1.000e-04,)] [eta: 3 days, 5:38:11, time (data): 3.219 (0.003)] l_pix: 8.5918e-02 
2024-03-24 14:22:40,232 INFO: [train..][epoch:  7, iter:  11,000, lr:(1.000e-04,)] [eta: 3 days, 5:34:01, time (data): 3.217 (0.003)] l_pix: 9.3051e-02 
2024-03-24 14:28:02,104 INFO: [train..][epoch:  7, iter:  11,100, lr:(1.000e-04,)] [eta: 3 days, 5:29:52, time (data): 3.224 (0.003)] l_pix: 8.3764e-02 
2024-03-24 14:33:20,852 INFO: [train..][epoch:  7, iter:  11,200, lr:(1.000e-04,)] [eta: 3 days, 5:25:17, time (data): 3.199 (0.003)] l_pix: 7.5038e-02 
2024-03-24 14:38:36,771 INFO: [train..][epoch:  7, iter:  11,300, lr:(1.000e-04,)] [eta: 3 days, 5:20:19, time (data): 3.162 (0.003)] l_pix: 9.0969e-02 
2024-03-24 14:43:52,874 INFO: [train..][epoch:  7, iter:  11,400, lr:(1.000e-04,)] [eta: 3 days, 5:15:23, time (data): 3.161 (0.003)] l_pix: 7.9004e-02 
2024-03-24 14:49:23,999 INFO: [train..][epoch:  8, iter:  11,500, lr:(1.000e-04,)] [eta: 3 days, 5:12:21, time (data): 3.516 (0.358)] l_pix: 7.5787e-02 
2024-03-24 14:54:39,738 INFO: [train..][epoch:  8, iter:  11,600, lr:(1.000e-04,)] [eta: 3 days, 5:07:20, time (data): 3.265 (0.110)] l_pix: 9.0714e-02 
2024-03-24 14:59:56,205 INFO: [train..][epoch:  8, iter:  11,700, lr:(1.000e-04,)] [eta: 3 days, 5:02:24, time (data): 3.164 (0.003)] l_pix: 8.0296e-02 
2024-03-24 15:05:13,220 INFO: [train..][epoch:  8, iter:  11,800, lr:(1.000e-04,)] [eta: 3 days, 4:57:32, time (data): 3.168 (0.003)] l_pix: 6.9377e-02 
2024-03-24 15:10:29,307 INFO: [train..][epoch:  8, iter:  11,900, lr:(1.000e-04,)] [eta: 3 days, 4:52:32, time (data): 3.163 (0.003)] l_pix: 8.8505e-02 
2024-03-24 15:15:45,641 INFO: [train..][epoch:  8, iter:  12,000, lr:(1.000e-04,)] [eta: 3 days, 4:47:34, time (data): 3.163 (0.003)] l_pix: 7.2593e-02 
2024-03-24 15:21:02,581 INFO: [train..][epoch:  8, iter:  12,100, lr:(1.000e-04,)] [eta: 3 days, 4:42:40, time (data): 3.174 (0.003)] l_pix: 9.1121e-02 
2024-03-24 15:26:18,424 INFO: [train..][epoch:  8, iter:  12,200, lr:(1.000e-04,)] [eta: 3 days, 4:37:38, time (data): 3.163 (0.003)] l_pix: 7.2284e-02 
2024-03-24 15:31:34,557 INFO: [train..][epoch:  8, iter:  12,300, lr:(1.000e-04,)] [eta: 3 days, 4:32:38, time (data): 3.160 (0.003)] l_pix: 7.5633e-02 
2024-03-24 15:36:50,740 INFO: [train..][epoch:  8, iter:  12,400, lr:(1.000e-04,)] [eta: 3 days, 4:27:37, time (data): 3.161 (0.003)] l_pix: 7.9775e-02 
2024-03-24 15:42:09,309 INFO: [train..][epoch:  8, iter:  12,500, lr:(1.000e-04,)] [eta: 3 days, 4:22:53, time (data): 3.229 (0.003)] l_pix: 8.3849e-02 
2024-03-24 15:50:18,344 INFO: [train..][epoch:  8, iter:  12,600, lr:(1.000e-04,)] [eta: 3 days, 4:37:51, time (data): 4.433 (0.003)] l_pix: 1.0215e-01 
2024-03-24 15:58:26,634 INFO: [train..][epoch:  8, iter:  12,700, lr:(1.000e-04,)] [eta: 3 days, 4:52:22, time (data): 4.890 (0.003)] l_pix: 9.6907e-02 
2024-03-24 16:06:34,141 INFO: [train..][epoch:  8, iter:  12,800, lr:(1.000e-04,)] [eta: 3 days, 5:06:27, time (data): 4.879 (0.003)] l_pix: 7.8439e-02 
2024-03-24 16:14:42,050 INFO: [train..][epoch:  8, iter:  12,900, lr:(1.000e-04,)] [eta: 3 days, 5:20:13, time (data): 4.872 (0.003)] l_pix: 7.3004e-02 
2024-03-24 16:23:05,791 INFO: [train..][epoch:  9, iter:  13,000, lr:(1.000e-04,)] [eta: 3 days, 5:35:26, time (data): 4.994 (0.117)] l_pix: 8.2611e-02 
2024-03-24 16:31:14,159 INFO: [train..][epoch:  9, iter:  13,100, lr:(1.000e-04,)] [eta: 3 days, 5:48:34, time (data): 4.896 (0.003)] l_pix: 7.3270e-02 
2024-03-24 16:39:21,302 INFO: [train..][epoch:  9, iter:  13,200, lr:(1.000e-04,)] [eta: 3 days, 6:01:15, time (data): 4.878 (0.003)] l_pix: 7.9152e-02 
2024-03-24 16:47:29,151 INFO: [train..][epoch:  9, iter:  13,300, lr:(1.000e-04,)] [eta: 3 days, 6:13:42, time (data): 4.879 (0.003)] l_pix: 8.3182e-02 
2024-03-24 16:55:37,717 INFO: [train..][epoch:  9, iter:  13,400, lr:(1.000e-04,)] [eta: 3 days, 6:25:56, time (data): 4.884 (0.003)] l_pix: 7.2641e-02 
2024-03-24 17:03:45,541 INFO: [train..][epoch:  9, iter:  13,500, lr:(1.000e-04,)] [eta: 3 days, 6:37:46, time (data): 4.884 (0.003)] l_pix: 6.9587e-02 
2024-03-24 17:11:54,020 INFO: [train..][epoch:  9, iter:  13,600, lr:(1.000e-04,)] [eta: 3 days, 6:49:23, time (data): 4.885 (0.003)] l_pix: 9.8998e-02 
2024-03-24 17:19:52,945 INFO: [train..][epoch:  9, iter:  13,700, lr:(1.000e-04,)] [eta: 3 days, 6:59:43, time (data): 4.533 (0.003)] l_pix: 1.0365e-01 
2024-03-24 17:25:52,103 INFO: [train..][epoch:  9, iter:  13,800, lr:(1.000e-04,)] [eta: 3 days, 6:57:18, time (data): 3.820 (0.003)] l_pix: 6.5178e-02 
2024-03-24 17:31:50,784 INFO: [train..][epoch:  9, iter:  13,900, lr:(1.000e-04,)] [eta: 3 days, 6:54:48, time (data): 3.596 (0.003)] l_pix: 6.0344e-02 
2024-03-24 17:37:49,814 INFO: [train..][epoch:  9, iter:  14,000, lr:(1.000e-04,)] [eta: 3 days, 6:52:16, time (data): 3.592 (0.003)] l_pix: 8.4811e-02 
2024-03-24 17:43:48,682 INFO: [train..][epoch:  9, iter:  14,100, lr:(1.000e-04,)] [eta: 3 days, 6:49:41, time (data): 3.589 (0.003)] l_pix: 8.6746e-02 
2024-03-24 17:53:15,228 INFO: [train..][epoch:  9, iter:  14,200, lr:(1.000e-04,)] [eta: 3 days, 7:07:57, time (data): 5.186 (0.003)] l_pix: 7.7949e-02 
2024-03-24 18:02:51,684 INFO: [train..][epoch:  9, iter:  14,300, lr:(1.000e-04,)] [eta: 3 days, 7:26:50, time (data): 5.771 (0.003)] l_pix: 8.3802e-02 
2024-03-24 18:12:43,858 INFO: [train..][epoch: 10, iter:  14,400, lr:(1.000e-04,)] [eta: 3 days, 7:46:53, time (data): 5.888 (0.122)] l_pix: 9.6044e-02 
2024-03-24 18:21:06,405 INFO: [train..][epoch: 10, iter:  14,500, lr:(1.000e-04,)] [eta: 3 days, 7:57:42, time (data): 3.437 (0.003)] l_pix: 9.8948e-02 
2024-03-24 18:26:51,746 INFO: [train..][epoch: 10, iter:  14,600, lr:(1.000e-04,)] [eta: 3 days, 7:52:56, time (data): 3.450 (0.003)] l_pix: 7.7253e-02 
2024-03-24 18:32:31,040 INFO: [train..][epoch: 10, iter:  14,700, lr:(1.000e-04,)] [eta: 3 days, 7:47:34, time (data): 3.338 (0.003)] l_pix: 6.9055e-02 
2024-03-24 18:38:05,325 INFO: [train..][epoch: 10, iter:  14,800, lr:(1.000e-04,)] [eta: 3 days, 7:41:43, time (data): 3.342 (0.003)] l_pix: 6.7538e-02 
2024-03-24 18:43:38,904 INFO: [train..][epoch: 10, iter:  14,900, lr:(1.000e-04,)] [eta: 3 days, 7:35:48, time (data): 3.340 (0.003)] l_pix: 8.6536e-02 
2024-03-24 18:49:12,664 INFO: [train..][epoch: 10, iter:  15,000, lr:(1.000e-04,)] [eta: 3 days, 7:29:54, time (data): 3.338 (0.003)] l_pix: 8.5559e-02 
2024-03-24 18:49:12,665 INFO: Saving models and training states.
2024-03-24 18:54:46,476 INFO: [train..][epoch: 10, iter:  15,100, lr:(1.000e-04,)] [eta: 3 days, 7:24:01, time (data): 3.333 (0.003)] l_pix: 6.7071e-02 
2024-03-24 19:00:25,177 INFO: [train..][epoch: 10, iter:  15,200, lr:(1.000e-04,)] [eta: 3 days, 7:18:36, time (data): 3.376 (0.003)] l_pix: 8.2482e-02 
2024-03-24 19:06:25,260 INFO: [train..][epoch: 10, iter:  15,300, lr:(1.000e-04,)] [eta: 3 days, 7:15:09, time (data): 3.472 (0.003)] l_pix: 7.3825e-02 
2024-03-24 19:11:59,190 INFO: [train..][epoch: 10, iter:  15,400, lr:(1.000e-04,)] [eta: 3 days, 7:09:16, time (data): 3.365 (0.003)] l_pix: 8.0404e-02 
2024-03-24 19:17:33,031 INFO: [train..][epoch: 10, iter:  15,500, lr:(1.000e-04,)] [eta: 3 days, 7:03:23, time (data): 3.352 (0.003)] l_pix: 8.9428e-02 
2024-03-24 19:23:06,860 INFO: [train..][epoch: 10, iter:  15,600, lr:(1.000e-04,)] [eta: 3 days, 6:57:30, time (data): 3.341 (0.003)] l_pix: 9.1188e-02 
2024-03-24 19:28:40,079 INFO: [train..][epoch: 10, iter:  15,700, lr:(1.000e-04,)] [eta: 3 days, 6:51:34, time (data): 3.329 (0.003)] l_pix: 8.0504e-02 
2024-03-24 19:34:13,182 INFO: [train..][epoch: 10, iter:  15,800, lr:(1.000e-04,)] [eta: 3 days, 6:45:37, time (data): 3.331 (0.003)] l_pix: 6.9622e-02 
2024-03-24 19:40:16,997 INFO: [train..][epoch: 11, iter:  15,900, lr:(1.000e-04,)] [eta: 3 days, 6:42:24, time (data): 3.575 (0.003)] l_pix: 8.1069e-02 
2024-03-24 19:46:35,042 INFO: [train..][epoch: 11, iter:  16,000, lr:(1.000e-04,)] [eta: 3 days, 6:40:23, time (data): 3.745 (0.003)] l_pix: 7.1825e-02 
2024-03-24 19:52:19,555 INFO: [train..][epoch: 11, iter:  16,100, lr:(1.000e-04,)] [eta: 3 days, 6:35:24, time (data): 3.440 (0.003)] l_pix: 8.6987e-02 
2024-03-24 19:58:14,042 INFO: [train..][epoch: 11, iter:  16,200, lr:(1.000e-04,)] [eta: 3 days, 6:31:16, time (data): 3.527 (0.003)] l_pix: 8.6113e-02 
2024-03-24 20:04:19,888 INFO: [train..][epoch: 11, iter:  16,300, lr:(1.000e-04,)] [eta: 3 days, 6:28:05, time (data): 3.480 (0.003)] l_pix: 7.7942e-02 
2024-03-24 20:10:13,663 INFO: [train..][epoch: 11, iter:  16,400, lr:(1.000e-04,)] [eta: 3 days, 6:23:51, time (data): 3.529 (0.003)] l_pix: 8.5921e-02 
2024-03-24 20:16:12,410 INFO: [train..][epoch: 11, iter:  16,500, lr:(1.000e-04,)] [eta: 3 days, 6:20:00, time (data): 3.445 (0.003)] l_pix: 5.7995e-02 
2024-03-24 20:21:59,313 INFO: [train..][epoch: 11, iter:  16,600, lr:(1.000e-04,)] [eta: 3 days, 6:15:08, time (data): 3.465 (0.003)] l_pix: 7.8384e-02 
2024-03-24 20:28:02,974 INFO: [train..][epoch: 11, iter:  16,700, lr:(1.000e-04,)] [eta: 3 days, 6:11:40, time (data): 3.469 (0.003)] l_pix: 8.8860e-02 
2024-03-24 20:33:50,863 INFO: [train..][epoch: 11, iter:  16,800, lr:(1.000e-04,)] [eta: 3 days, 6:06:51, time (data): 3.477 (0.003)] l_pix: 8.6759e-02 
2024-03-24 20:39:35,797 INFO: [train..][epoch: 11, iter:  16,900, lr:(1.000e-04,)] [eta: 3 days, 6:01:47, time (data): 3.445 (0.003)] l_pix: 7.0744e-02 
2024-03-24 20:45:24,042 INFO: [train..][epoch: 11, iter:  17,000, lr:(1.000e-04,)] [eta: 3 days, 5:56:59, time (data): 3.477 (0.003)] l_pix: 9.1094e-02 
2024-03-24 20:51:17,330 INFO: [train..][epoch: 11, iter:  17,100, lr:(1.000e-04,)] [eta: 3 days, 5:52:34, time (data): 3.544 (0.003)] l_pix: 7.6897e-02 
2024-03-24 20:57:10,604 INFO: [train..][epoch: 11, iter:  17,200, lr:(1.000e-04,)] [eta: 3 days, 5:48:09, time (data): 3.534 (0.003)] l_pix: 8.7469e-02 
2024-03-24 21:03:19,397 INFO: [train..][epoch: 12, iter:  17,300, lr:(1.000e-04,)] [eta: 3 days, 5:44:56, time (data): 3.531 (0.003)] l_pix: 6.1439e-02 
2024-03-24 21:09:11,606 INFO: [train..][epoch: 12, iter:  17,400, lr:(1.000e-04,)] [eta: 3 days, 5:40:23, time (data): 3.523 (0.003)] l_pix: 7.0858e-02 
2024-03-24 21:15:04,746 INFO: [train..][epoch: 12, iter:  17,500, lr:(1.000e-04,)] [eta: 3 days, 5:35:54, time (data): 3.661 (0.003)] l_pix: 7.9150e-02 
2024-03-24 21:20:57,087 INFO: [train..][epoch: 12, iter:  17,600, lr:(1.000e-04,)] [eta: 3 days, 5:31:19, time (data): 3.539 (0.003)] l_pix: 9.3089e-02 
2024-03-24 21:26:33,444 INFO: [train..][epoch: 12, iter:  17,700, lr:(1.000e-04,)] [eta: 3 days, 5:25:30, time (data): 3.313 (0.003)] l_pix: 8.0671e-02 
2024-03-24 21:32:05,795 INFO: [train..][epoch: 12, iter:  17,800, lr:(1.000e-04,)] [eta: 3 days, 5:19:22, time (data): 3.322 (0.003)] l_pix: 8.0661e-02 
2024-03-24 21:37:38,698 INFO: [train..][epoch: 12, iter:  17,900, lr:(1.000e-04,)] [eta: 3 days, 5:13:17, time (data): 3.343 (0.003)] l_pix: 9.2281e-02 
2024-03-24 21:43:10,422 INFO: [train..][epoch: 12, iter:  18,000, lr:(1.000e-04,)] [eta: 3 days, 5:07:07, time (data): 3.320 (0.003)] l_pix: 7.9999e-02 
2024-03-24 21:48:42,274 INFO: [train..][epoch: 12, iter:  18,100, lr:(1.000e-04,)] [eta: 3 days, 5:00:58, time (data): 3.327 (0.003)] l_pix: 7.9713e-02 
2024-03-24 21:54:13,480 INFO: [train..][epoch: 12, iter:  18,200, lr:(1.000e-04,)] [eta: 3 days, 4:54:46, time (data): 3.313 (0.003)] l_pix: 8.2151e-02 
2024-03-24 21:59:45,068 INFO: [train..][epoch: 12, iter:  18,300, lr:(1.000e-04,)] [eta: 3 days, 4:48:37, time (data): 3.326 (0.003)] l_pix: 8.8674e-02 
2024-03-24 22:06:14,810 INFO: [train..][epoch: 12, iter:  18,400, lr:(1.000e-04,)] [eta: 3 days, 4:46:46, time (data): 3.850 (0.003)] l_pix: 1.1106e-01 
2024-03-24 22:12:36,152 INFO: [train..][epoch: 12, iter:  18,500, lr:(1.000e-04,)] [eta: 3 days, 4:44:15, time (data): 3.829 (0.003)] l_pix: 7.4770e-02 
2024-03-24 22:18:52,336 INFO: [train..][epoch: 12, iter:  18,600, lr:(1.000e-04,)] [eta: 3 days, 4:41:19, time (data): 3.767 (0.003)] l_pix: 6.6792e-02 
2024-03-24 22:25:13,256 INFO: [train..][epoch: 13, iter:  18,700, lr:(1.000e-04,)] [eta: 3 days, 4:38:41, time (data): 3.654 (0.003)] l_pix: 7.9177e-02 
2024-03-24 22:31:18,213 INFO: [train..][epoch: 13, iter:  18,800, lr:(1.000e-04,)] [eta: 3 days, 4:34:52, time (data): 3.650 (0.003)] l_pix: 8.4838e-02 
2024-03-24 22:37:23,313 INFO: [train..][epoch: 13, iter:  18,900, lr:(1.000e-04,)] [eta: 3 days, 4:31:02, time (data): 3.640 (0.003)] l_pix: 6.7984e-02 
2024-03-24 22:43:28,220 INFO: [train..][epoch: 13, iter:  19,000, lr:(1.000e-04,)] [eta: 3 days, 4:27:10, time (data): 3.649 (0.003)] l_pix: 8.6225e-02 
2024-03-24 22:49:33,620 INFO: [train..][epoch: 13, iter:  19,100, lr:(1.000e-04,)] [eta: 3 days, 4:23:19, time (data): 3.664 (0.003)] l_pix: 6.6838e-02 
2024-03-24 22:55:38,789 INFO: [train..][epoch: 13, iter:  19,200, lr:(1.000e-04,)] [eta: 3 days, 4:19:25, time (data): 3.652 (0.003)] l_pix: 8.7920e-02 
2024-03-24 23:01:43,989 INFO: [train..][epoch: 13, iter:  19,300, lr:(1.000e-04,)] [eta: 3 days, 4:15:30, time (data): 3.648 (0.003)] l_pix: 7.9672e-02 
2024-03-24 23:07:49,029 INFO: [train..][epoch: 13, iter:  19,400, lr:(1.000e-04,)] [eta: 3 days, 4:11:33, time (data): 3.650 (0.003)] l_pix: 8.1759e-02 
2024-03-24 23:13:58,167 INFO: [train..][epoch: 13, iter:  19,500, lr:(1.000e-04,)] [eta: 3 days, 4:07:52, time (data): 3.836 (0.003)] l_pix: 8.4659e-02 
2024-03-24 23:20:08,501 INFO: [train..][epoch: 13, iter:  19,600, lr:(1.000e-04,)] [eta: 3 days, 4:04:14, time (data): 3.707 (0.003)] l_pix: 9.1451e-02 
2024-03-24 23:26:11,627 INFO: [train..][epoch: 13, iter:  19,700, lr:(1.000e-04,)] [eta: 3 days, 4:00:05, time (data): 3.621 (0.002)] l_pix: 7.0524e-02 
2024-03-24 23:32:16,405 INFO: [train..][epoch: 13, iter:  19,800, lr:(1.000e-04,)] [eta: 3 days, 3:56:02, time (data): 3.647 (0.003)] l_pix: 7.5276e-02 
2024-03-24 23:38:19,996 INFO: [train..][epoch: 13, iter:  19,900, lr:(1.000e-04,)] [eta: 3 days, 3:51:52, time (data): 3.726 (0.002)] l_pix: 7.2167e-02 
2024-03-24 23:44:23,843 INFO: [train..][epoch: 13, iter:  20,000, lr:(1.000e-04,)] [eta: 3 days, 3:47:43, time (data): 3.639 (0.003)] l_pix: 9.1113e-02 
2024-03-24 23:44:23,843 INFO: Saving models and training states.
2024-03-24 23:50:55,005 INFO: [train..][epoch: 13, iter:  20,100, lr:(1.000e-04,)] [eta: 3 days, 3:45:21, time (data): 3.772 (0.003)] l_pix: 7.8955e-02 
2024-03-25 00:00:04,615 INFO: [train..][epoch: 14, iter:  20,200, lr:(1.000e-04,)] [eta: 3 days, 3:53:22, time (data): 5.496 (0.163)] l_pix: 8.7668e-02 
2024-03-25 00:06:54,820 INFO: [train..][epoch: 14, iter:  20,300, lr:(1.000e-04,)] [eta: 3 days, 3:52:06, time (data): 4.799 (0.083)] l_pix: 8.8364e-02 
2024-03-25 00:13:45,078 INFO: [train..][epoch: 14, iter:  20,400, lr:(1.000e-04,)] [eta: 3 days, 3:50:47, time (data): 4.104 (0.003)] l_pix: 6.9465e-02 
2024-03-25 00:20:35,958 INFO: [train..][epoch: 14, iter:  20,500, lr:(1.000e-04,)] [eta: 3 days, 3:49:27, time (data): 4.106 (0.003)] l_pix: 8.1983e-02 
2024-03-25 00:27:26,049 INFO: [train..][epoch: 14, iter:  20,600, lr:(1.000e-04,)] [eta: 3 days, 3:48:01, time (data): 4.101 (0.003)] l_pix: 9.1294e-02 
2024-03-25 00:34:16,744 INFO: [train..][epoch: 14, iter:  20,700, lr:(1.000e-04,)] [eta: 3 days, 3:46:34, time (data): 4.104 (0.003)] l_pix: 7.8607e-02 
2024-03-25 00:41:06,566 INFO: [train..][epoch: 14, iter:  20,800, lr:(1.000e-04,)] [eta: 3 days, 3:45:01, time (data): 4.099 (0.003)] l_pix: 7.5434e-02 
2024-03-25 00:47:56,679 INFO: [train..][epoch: 14, iter:  20,900, lr:(1.000e-04,)] [eta: 3 days, 3:43:25, time (data): 4.100 (0.003)] l_pix: 9.1103e-02 
2024-03-25 00:54:46,887 INFO: [train..][epoch: 14, iter:  21,000, lr:(1.000e-04,)] [eta: 3 days, 3:41:47, time (data): 4.102 (0.003)] l_pix: 6.0039e-02 
2024-03-25 01:01:36,043 INFO: [train..][epoch: 14, iter:  21,100, lr:(1.000e-04,)] [eta: 3 days, 3:40:02, time (data): 4.097 (0.003)] l_pix: 7.8380e-02 
2024-03-25 01:08:22,207 INFO: [train..][epoch: 14, iter:  21,200, lr:(1.000e-04,)] [eta: 3 days, 3:38:04, time (data): 4.063 (0.003)] l_pix: 8.9012e-02 
2024-03-25 01:15:08,069 INFO: [train..][epoch: 14, iter:  21,300, lr:(1.000e-04,)] [eta: 3 days, 3:36:01, time (data): 4.061 (0.003)] l_pix: 7.9958e-02 
2024-03-25 01:21:53,908 INFO: [train..][epoch: 14, iter:  21,400, lr:(1.000e-04,)] [eta: 3 days, 3:33:56, time (data): 4.058 (0.003)] l_pix: 8.1900e-02 
2024-03-25 01:28:39,153 INFO: [train..][epoch: 14, iter:  21,500, lr:(1.000e-04,)] [eta: 3 days, 3:31:45, time (data): 4.055 (0.003)] l_pix: 7.3550e-02 
2024-03-25 01:35:39,269 INFO: [train..][epoch: 15, iter:  21,600, lr:(1.000e-04,)] [eta: 3 days, 3:30:27, time (data): 4.214 (0.165)] l_pix: 7.5007e-02 
2024-03-25 01:42:24,615 INFO: [train..][epoch: 15, iter:  21,700, lr:(1.000e-04,)] [eta: 3 days, 3:28:11, time (data): 4.131 (0.081)] l_pix: 6.8988e-02 
2024-03-25 01:49:09,960 INFO: [train..][epoch: 15, iter:  21,800, lr:(1.000e-04,)] [eta: 3 days, 3:25:54, time (data): 4.054 (0.003)] l_pix: 7.8196e-02 
2024-03-25 01:55:55,356 INFO: [train..][epoch: 15, iter:  21,900, lr:(1.000e-04,)] [eta: 3 days, 3:23:34, time (data): 4.054 (0.003)] l_pix: 7.1137e-02 
2024-03-25 02:02:41,105 INFO: [train..][epoch: 15, iter:  22,000, lr:(1.000e-04,)] [eta: 3 days, 3:21:13, time (data): 4.059 (0.003)] l_pix: 6.5941e-02 
2024-03-25 02:09:26,776 INFO: [train..][epoch: 15, iter:  22,100, lr:(1.000e-04,)] [eta: 3 days, 3:18:49, time (data): 4.058 (0.003)] l_pix: 8.9459e-02 
2024-03-25 02:16:12,518 INFO: [train..][epoch: 15, iter:  22,200, lr:(1.000e-04,)] [eta: 3 days, 3:16:23, time (data): 4.057 (0.003)] l_pix: 7.8301e-02 
2024-03-25 02:22:58,553 INFO: [train..][epoch: 15, iter:  22,300, lr:(1.000e-04,)] [eta: 3 days, 3:13:56, time (data): 4.059 (0.003)] l_pix: 8.7268e-02 
2024-03-25 02:29:44,272 INFO: [train..][epoch: 15, iter:  22,400, lr:(1.000e-04,)] [eta: 3 days, 3:11:25, time (data): 4.059 (0.003)] l_pix: 8.2829e-02 
2024-03-25 02:36:29,954 INFO: [train..][epoch: 15, iter:  22,500, lr:(1.000e-04,)] [eta: 3 days, 3:08:52, time (data): 4.058 (0.003)] l_pix: 8.2929e-02 
2024-03-25 02:43:15,825 INFO: [train..][epoch: 15, iter:  22,600, lr:(1.000e-04,)] [eta: 3 days, 3:06:18, time (data): 4.057 (0.003)] l_pix: 8.0964e-02 
2024-03-25 02:50:01,883 INFO: [train..][epoch: 15, iter:  22,700, lr:(1.000e-04,)] [eta: 3 days, 3:03:41, time (data): 4.059 (0.003)] l_pix: 7.1379e-02 
2024-03-25 02:56:48,113 INFO: [train..][epoch: 15, iter:  22,800, lr:(1.000e-04,)] [eta: 3 days, 3:01:04, time (data): 4.064 (0.003)] l_pix: 7.7293e-02 
2024-03-25 03:03:33,663 INFO: [train..][epoch: 15, iter:  22,900, lr:(1.000e-04,)] [eta: 3 days, 2:58:21, time (data): 4.060 (0.003)] l_pix: 8.5142e-02 
2024-03-25 03:10:34,916 INFO: [train..][epoch: 16, iter:  23,000, lr:(1.000e-04,)] [eta: 3 days, 2:56:30, time (data): 4.236 (0.178)] l_pix: 6.3409e-02 
2024-03-25 03:17:20,342 INFO: [train..][epoch: 16, iter:  23,100, lr:(1.000e-04,)] [eta: 3 days, 2:53:42, time (data): 4.138 (0.084)] l_pix: 9.1048e-02 
2024-03-25 03:24:06,900 INFO: [train..][epoch: 16, iter:  23,200, lr:(1.000e-04,)] [eta: 3 days, 2:50:57, time (data): 4.065 (0.003)] l_pix: 6.8874e-02 
2024-03-25 03:30:52,764 INFO: [train..][epoch: 16, iter:  23,300, lr:(1.000e-04,)] [eta: 3 days, 2:48:07, time (data): 4.061 (0.003)] l_pix: 7.8198e-02 
2024-03-25 03:37:38,501 INFO: [train..][epoch: 16, iter:  23,400, lr:(1.000e-04,)] [eta: 3 days, 2:45:15, time (data): 4.056 (0.003)] l_pix: 5.9404e-02 
2024-03-25 03:44:24,395 INFO: [train..][epoch: 16, iter:  23,500, lr:(1.000e-04,)] [eta: 3 days, 2:42:21, time (data): 4.058 (0.003)] l_pix: 7.9055e-02 
2024-03-25 03:51:32,897 INFO: [train..][epoch: 16, iter:  23,600, lr:(1.000e-04,)] [eta: 3 days, 2:40:39, time (data): 4.334 (0.003)] l_pix: 6.7108e-02 
2024-03-25 04:01:03,917 INFO: [train..][epoch: 16, iter:  23,700, lr:(1.000e-04,)] [eta: 3 days, 2:46:32, time (data): 5.086 (0.003)] l_pix: 8.3056e-02 
2024-03-25 04:08:38,726 INFO: [train..][epoch: 16, iter:  23,800, lr:(1.000e-04,)] [eta: 3 days, 2:46:06, time (data): 4.546 (0.003)] l_pix: 9.3530e-02 
2024-03-25 04:16:13,220 INFO: [train..][epoch: 16, iter:  23,900, lr:(1.000e-04,)] [eta: 3 days, 2:45:35, time (data): 4.545 (0.003)] l_pix: 8.3414e-02 
2024-03-25 04:26:33,902 INFO: [train..][epoch: 16, iter:  24,000, lr:(1.000e-04,)] [eta: 3 days, 2:53:47, time (data): 6.362 (0.003)] l_pix: 8.6232e-02 
2024-03-25 04:37:03,025 INFO: [train..][epoch: 16, iter:  24,100, lr:(1.000e-04,)] [eta: 3 days, 3:02:16, time (data): 6.323 (0.003)] l_pix: 9.7708e-02 
2024-03-25 04:47:32,448 INFO: [train..][epoch: 16, iter:  24,200, lr:(1.000e-04,)] [eta: 3 days, 3:10:37, time (data): 6.294 (0.003)] l_pix: 6.4448e-02 
2024-03-25 04:58:00,666 INFO: [train..][epoch: 16, iter:  24,300, lr:(1.000e-04,)] [eta: 3 days, 3:18:45, time (data): 6.287 (0.003)] l_pix: 7.4505e-02 
2024-03-25 05:08:28,533 INFO: [train..][epoch: 16, iter:  24,400, lr:(1.000e-04,)] [eta: 3 days, 3:26:42, time (data): 6.281 (0.003)] l_pix: 6.4728e-02 
2024-03-25 05:19:14,456 INFO: [train..][epoch: 17, iter:  24,500, lr:(1.000e-04,)] [eta: 3 days, 3:35:26, time (data): 6.380 (0.089)] l_pix: 7.3477e-02 
2024-03-25 05:29:45,763 INFO: [train..][epoch: 17, iter:  24,600, lr:(1.000e-04,)] [eta: 3 days, 3:43:16, time (data): 6.284 (0.003)] l_pix: 8.9551e-02 
2024-03-25 05:40:14,924 INFO: [train..][epoch: 17, iter:  24,700, lr:(1.000e-04,)] [eta: 3 days, 3:50:50, time (data): 6.288 (0.003)] l_pix: 7.9079e-02 
2024-03-25 05:48:47,210 INFO: [train..][epoch: 17, iter:  24,800, lr:(1.000e-04,)] [eta: 3 days, 3:52:21, time (data): 4.781 (0.003)] l_pix: 7.3964e-02 
2024-03-25 05:56:17,003 INFO: [train..][epoch: 17, iter:  24,900, lr:(1.000e-04,)] [eta: 3 days, 3:50:39, time (data): 4.621 (0.003)] l_pix: 7.2078e-02 
2024-03-25 06:03:46,789 INFO: [train..][epoch: 17, iter:  25,000, lr:(1.000e-04,)] [eta: 3 days, 3:48:54, time (data): 4.498 (0.003)] l_pix: 6.3234e-02 
2024-03-25 06:03:46,790 INFO: Saving models and training states.
2024-03-25 06:11:16,915 INFO: [train..][epoch: 17, iter:  25,100, lr:(1.000e-04,)] [eta: 3 days, 3:47:07, time (data): 4.497 (0.003)] l_pix: 9.0923e-02 
2024-03-25 06:18:46,503 INFO: [train..][epoch: 17, iter:  25,200, lr:(1.000e-04,)] [eta: 3 days, 3:45:16, time (data): 4.498 (0.003)] l_pix: 6.3573e-02 
2024-03-25 06:26:16,433 INFO: [train..][epoch: 17, iter:  25,300, lr:(1.000e-04,)] [eta: 3 days, 3:43:24, time (data): 4.499 (0.003)] l_pix: 7.0361e-02 
2024-03-25 06:33:45,704 INFO: [train..][epoch: 17, iter:  25,400, lr:(1.000e-04,)] [eta: 3 days, 3:41:27, time (data): 4.494 (0.003)] l_pix: 9.0341e-02 
2024-03-25 06:41:15,175 INFO: [train..][epoch: 17, iter:  25,500, lr:(1.000e-04,)] [eta: 3 days, 3:39:27, time (data): 4.494 (0.003)] l_pix: 7.7382e-02 
2024-03-25 06:48:44,660 INFO: [train..][epoch: 17, iter:  25,600, lr:(1.000e-04,)] [eta: 3 days, 3:37:25, time (data): 4.492 (0.003)] l_pix: 9.8563e-02 
2024-03-25 06:56:13,661 INFO: [train..][epoch: 17, iter:  25,700, lr:(1.000e-04,)] [eta: 3 days, 3:35:20, time (data): 4.491 (0.003)] l_pix: 7.7013e-02 
2024-03-25 07:03:42,236 INFO: [train..][epoch: 17, iter:  25,800, lr:(1.000e-04,)] [eta: 3 days, 3:33:10, time (data): 4.486 (0.003)] l_pix: 7.8038e-02 
2024-03-25 07:11:26,043 INFO: [train..][epoch: 18, iter:  25,900, lr:(1.000e-04,)] [eta: 3 days, 3:31:42, time (data): 4.575 (0.090)] l_pix: 7.1870e-02 
2024-03-25 07:18:55,026 INFO: [train..][epoch: 18, iter:  26,000, lr:(1.000e-04,)] [eta: 3 days, 3:29:28, time (data): 4.494 (0.003)] l_pix: 4.7184e-02 
2024-03-25 07:26:23,808 INFO: [train..][epoch: 18, iter:  26,100, lr:(1.000e-04,)] [eta: 3 days, 3:27:12, time (data): 4.490 (0.003)] l_pix: 8.1469e-02 
2024-03-25 07:33:52,188 INFO: [train..][epoch: 18, iter:  26,200, lr:(1.000e-04,)] [eta: 3 days, 3:24:52, time (data): 4.486 (0.003)] l_pix: 6.7269e-02 
2024-03-25 07:41:20,895 INFO: [train..][epoch: 18, iter:  26,300, lr:(1.000e-04,)] [eta: 3 days, 3:22:31, time (data): 4.487 (0.003)] l_pix: 5.6729e-02 
2024-03-25 07:48:50,044 INFO: [train..][epoch: 18, iter:  26,400, lr:(1.000e-04,)] [eta: 3 days, 3:20:08, time (data): 4.492 (0.003)] l_pix: 1.0080e-01 
2024-03-25 07:56:18,770 INFO: [train..][epoch: 18, iter:  26,500, lr:(1.000e-04,)] [eta: 3 days, 3:17:42, time (data): 4.489 (0.003)] l_pix: 9.0830e-02 
2024-03-25 08:03:47,287 INFO: [train..][epoch: 18, iter:  26,600, lr:(1.000e-04,)] [eta: 3 days, 3:15:13, time (data): 4.482 (0.003)] l_pix: 9.5260e-02 
2024-03-25 08:11:16,542 INFO: [train..][epoch: 18, iter:  26,700, lr:(1.000e-04,)] [eta: 3 days, 3:12:44, time (data): 4.488 (0.003)] l_pix: 9.3211e-02 
2024-03-25 08:18:45,939 INFO: [train..][epoch: 18, iter:  26,800, lr:(1.000e-04,)] [eta: 3 days, 3:10:13, time (data): 4.497 (0.003)] l_pix: 7.2829e-02 
2024-03-25 08:26:14,676 INFO: [train..][epoch: 18, iter:  26,900, lr:(1.000e-04,)] [eta: 3 days, 3:07:38, time (data): 4.491 (0.003)] l_pix: 7.2726e-02 
2024-03-25 08:33:43,054 INFO: [train..][epoch: 18, iter:  27,000, lr:(1.000e-04,)] [eta: 3 days, 3:05:00, time (data): 4.485 (0.003)] l_pix: 5.6732e-02 
2024-03-25 08:41:12,195 INFO: [train..][epoch: 18, iter:  27,100, lr:(1.000e-04,)] [eta: 3 days, 3:02:22, time (data): 4.489 (0.003)] l_pix: 8.1447e-02 
2024-03-25 08:48:40,750 INFO: [train..][epoch: 18, iter:  27,200, lr:(1.000e-04,)] [eta: 3 days, 2:59:40, time (data): 4.489 (0.003)] l_pix: 1.0675e-01 
2024-03-25 08:56:09,773 INFO: [train..][epoch: 18, iter:  27,300, lr:(1.000e-04,)] [eta: 3 days, 2:56:58, time (data): 4.490 (0.003)] l_pix: 8.4085e-02 
2024-03-25 09:03:53,465 INFO: [train..][epoch: 19, iter:  27,400, lr:(1.000e-04,)] [eta: 3 days, 2:54:52, time (data): 4.486 (0.003)] l_pix: 8.8059e-02 
2024-03-25 09:11:21,766 INFO: [train..][epoch: 19, iter:  27,500, lr:(1.000e-04,)] [eta: 3 days, 2:52:03, time (data): 4.484 (0.003)] l_pix: 8.0985e-02 
2024-03-25 09:18:51,115 INFO: [train..][epoch: 19, iter:  27,600, lr:(1.000e-04,)] [eta: 3 days, 2:49:14, time (data): 4.495 (0.003)] l_pix: 8.4243e-02 
2024-03-25 09:26:19,980 INFO: [train..][epoch: 19, iter:  27,700, lr:(1.000e-04,)] [eta: 3 days, 2:46:23, time (data): 4.491 (0.003)] l_pix: 6.0510e-02 
2024-03-25 09:34:34,871 INFO: [train..][epoch: 19, iter:  27,800, lr:(1.000e-04,)] [eta: 3 days, 2:45:29, time (data): 5.229 (0.003)] l_pix: 8.7853e-02 
2024-03-25 09:43:25,967 INFO: [train..][epoch: 19, iter:  27,900, lr:(1.000e-04,)] [eta: 3 days, 2:46:05, time (data): 5.280 (0.003)] l_pix: 6.9321e-02 
2024-03-25 09:51:52,630 INFO: [train..][epoch: 19, iter:  28,000, lr:(1.000e-04,)] [eta: 3 days, 2:45:35, time (data): 5.070 (0.003)] l_pix: 8.5245e-02 
2024-03-25 10:00:19,506 INFO: [train..][epoch: 19, iter:  28,100, lr:(1.000e-04,)] [eta: 3 days, 2:45:01, time (data): 5.069 (0.003)] l_pix: 8.9190e-02 
2024-03-25 10:09:24,696 INFO: [train..][epoch: 19, iter:  28,200, lr:(1.000e-04,)] [eta: 3 days, 2:46:02, time (data): 5.695 (0.003)] l_pix: 7.8433e-02 
2024-03-25 10:18:22,666 INFO: [train..][epoch: 19, iter:  28,300, lr:(1.000e-04,)] [eta: 3 days, 2:46:41, time (data): 5.498 (0.003)] l_pix: 7.2516e-02 
2024-03-25 10:27:20,669 INFO: [train..][epoch: 19, iter:  28,400, lr:(1.000e-04,)] [eta: 3 days, 2:47:15, time (data): 5.385 (0.003)] l_pix: 8.6309e-02 
2024-03-25 10:36:17,869 INFO: [train..][epoch: 19, iter:  28,500, lr:(1.000e-04,)] [eta: 3 days, 2:47:43, time (data): 5.377 (0.003)] l_pix: 9.9585e-02 
2024-03-25 10:45:16,568 INFO: [train..][epoch: 19, iter:  28,600, lr:(1.000e-04,)] [eta: 3 days, 2:48:11, time (data): 5.394 (0.003)] l_pix: 7.8715e-02 
2024-03-25 10:54:14,038 INFO: [train..][epoch: 19, iter:  28,700, lr:(1.000e-04,)] [eta: 3 days, 2:48:32, time (data): 5.382 (0.003)] l_pix: 6.1400e-02 
2024-03-25 11:03:27,393 INFO: [train..][epoch: 20, iter:  28,800, lr:(1.000e-04,)] [eta: 3 days, 2:49:29, time (data): 5.377 (0.003)] l_pix: 7.2604e-02 
2024-03-25 11:12:19,568 INFO: [train..][epoch: 20, iter:  28,900, lr:(1.000e-04,)] [eta: 3 days, 2:49:29, time (data): 5.342 (0.003)] l_pix: 9.6503e-02 
2024-03-25 11:21:24,196 INFO: [train..][epoch: 20, iter:  29,000, lr:(1.000e-04,)] [eta: 3 days, 2:49:56, time (data): 5.554 (0.003)] l_pix: 7.1515e-02 
2024-03-25 11:30:05,421 INFO: [train..][epoch: 20, iter:  29,100, lr:(1.000e-04,)] [eta: 3 days, 2:49:22, time (data): 5.335 (0.003)] l_pix: 6.9570e-02 
2024-03-25 11:38:46,586 INFO: [train..][epoch: 20, iter:  29,200, lr:(1.000e-04,)] [eta: 3 days, 2:48:44, time (data): 5.214 (0.003)] l_pix: 8.7892e-02 
2024-03-25 11:47:28,229 INFO: [train..][epoch: 20, iter:  29,300, lr:(1.000e-04,)] [eta: 3 days, 2:48:05, time (data): 5.215 (0.003)] l_pix: 6.9408e-02 
2024-03-25 11:56:10,465 INFO: [train..][epoch: 20, iter:  29,400, lr:(1.000e-04,)] [eta: 3 days, 2:47:23, time (data): 5.223 (0.003)] l_pix: 7.0082e-02 
2024-03-25 12:04:52,099 INFO: [train..][epoch: 20, iter:  29,500, lr:(1.000e-04,)] [eta: 3 days, 2:46:37, time (data): 5.219 (0.003)] l_pix: 8.4245e-02 
2024-03-25 12:13:33,839 INFO: [train..][epoch: 20, iter:  29,600, lr:(1.000e-04,)] [eta: 3 days, 2:45:48, time (data): 5.223 (0.003)] l_pix: 7.8928e-02 
2024-03-25 12:22:14,720 INFO: [train..][epoch: 20, iter:  29,700, lr:(1.000e-04,)] [eta: 3 days, 2:44:54, time (data): 5.214 (0.003)] l_pix: 7.5783e-02 
2024-03-25 12:30:50,773 INFO: [train..][epoch: 20, iter:  29,800, lr:(1.000e-04,)] [eta: 3 days, 2:43:45, time (data): 5.161 (0.003)] l_pix: 5.0361e-02 
2024-03-25 12:39:26,885 INFO: [train..][epoch: 20, iter:  29,900, lr:(1.000e-04,)] [eta: 3 days, 2:42:33, time (data): 5.161 (0.003)] l_pix: 7.8480e-02 
2024-03-25 12:48:02,715 INFO: [train..][epoch: 20, iter:  30,000, lr:(1.000e-04,)] [eta: 3 days, 2:41:18, time (data): 5.159 (0.003)] l_pix: 7.5920e-02 
2024-03-25 12:48:02,716 INFO: Saving models and training states.
2024-03-25 12:56:39,525 INFO: [train..][epoch: 20, iter:  30,100, lr:(1.000e-04,)] [eta: 3 days, 2:40:02, time (data): 5.162 (0.003)] l_pix: 8.7990e-02 
2024-03-25 13:05:31,114 INFO: [train..][epoch: 21, iter:  30,200, lr:(1.000e-04,)] [eta: 3 days, 2:39:17, time (data): 5.471 (0.318)] l_pix: 7.6758e-02 
2024-03-25 13:14:07,447 INFO: [train..][epoch: 21, iter:  30,300, lr:(1.000e-04,)] [eta: 3 days, 2:37:54, time (data): 5.266 (0.108)] l_pix: 6.6309e-02 
2024-03-25 13:22:43,809 INFO: [train..][epoch: 21, iter:  30,400, lr:(1.000e-04,)] [eta: 3 days, 2:36:28, time (data): 5.162 (0.003)] l_pix: 6.7754e-02 
2024-03-25 13:31:20,055 INFO: [train..][epoch: 21, iter:  30,500, lr:(1.000e-04,)] [eta: 3 days, 2:34:59, time (data): 5.162 (0.003)] l_pix: 6.3460e-02 
2024-03-25 13:39:56,459 INFO: [train..][epoch: 21, iter:  30,600, lr:(1.000e-04,)] [eta: 3 days, 2:33:28, time (data): 5.160 (0.003)] l_pix: 9.1627e-02 
2024-03-25 13:48:33,469 INFO: [train..][epoch: 21, iter:  30,700, lr:(1.000e-04,)] [eta: 3 days, 2:31:55, time (data): 5.167 (0.003)] l_pix: 7.4303e-02 
2024-03-25 13:57:09,977 INFO: [train..][epoch: 21, iter:  30,800, lr:(1.000e-04,)] [eta: 3 days, 2:30:18, time (data): 5.168 (0.003)] l_pix: 6.8171e-02 
2024-03-25 14:05:46,332 INFO: [train..][epoch: 21, iter:  30,900, lr:(1.000e-04,)] [eta: 3 days, 2:28:39, time (data): 5.165 (0.003)] l_pix: 8.7455e-02 
2024-03-25 14:14:22,745 INFO: [train..][epoch: 21, iter:  31,000, lr:(1.000e-04,)] [eta: 3 days, 2:26:56, time (data): 5.162 (0.003)] l_pix: 6.5486e-02 
2024-03-25 14:22:59,579 INFO: [train..][epoch: 21, iter:  31,100, lr:(1.000e-04,)] [eta: 3 days, 2:25:12, time (data): 5.166 (0.003)] l_pix: 8.3868e-02 
2024-03-25 14:31:36,881 INFO: [train..][epoch: 21, iter:  31,200, lr:(1.000e-04,)] [eta: 3 days, 2:23:27, time (data): 5.176 (0.003)] l_pix: 8.1058e-02 
2024-03-25 14:40:13,933 INFO: [train..][epoch: 21, iter:  31,300, lr:(1.000e-04,)] [eta: 3 days, 2:21:38, time (data): 5.172 (0.003)] l_pix: 8.8055e-02 
2024-03-25 14:48:51,195 INFO: [train..][epoch: 21, iter:  31,400, lr:(1.000e-04,)] [eta: 3 days, 2:19:47, time (data): 5.168 (0.003)] l_pix: 9.4672e-02 
2024-03-25 14:57:28,023 INFO: [train..][epoch: 21, iter:  31,500, lr:(1.000e-04,)] [eta: 3 days, 2:17:53, time (data): 5.168 (0.003)] l_pix: 7.7724e-02 
2024-03-25 15:06:05,366 INFO: [train..][epoch: 21, iter:  31,600, lr:(1.000e-04,)] [eta: 3 days, 2:15:57, time (data): 5.177 (0.003)] l_pix: 8.0898e-02 
2024-03-25 15:14:57,551 INFO: [train..][epoch: 22, iter:  31,700, lr:(1.000e-04,)] [eta: 3 days, 2:14:30, time (data): 5.278 (0.109)] l_pix: 8.5190e-02 
2024-03-25 15:23:35,250 INFO: [train..][epoch: 22, iter:  31,800, lr:(1.000e-04,)] [eta: 3 days, 2:12:30, time (data): 5.178 (0.003)] l_pix: 1.0179e-01 
2024-03-25 15:32:12,104 INFO: [train..][epoch: 22, iter:  31,900, lr:(1.000e-04,)] [eta: 3 days, 2:10:25, time (data): 5.171 (0.003)] l_pix: 9.5039e-02 
2024-03-25 15:40:48,945 INFO: [train..][epoch: 22, iter:  32,000, lr:(1.000e-04,)] [eta: 3 days, 2:08:18, time (data): 5.169 (0.003)] l_pix: 8.7714e-02 
2024-03-25 15:49:25,884 INFO: [train..][epoch: 22, iter:  32,100, lr:(1.000e-04,)] [eta: 3 days, 2:06:09, time (data): 5.169 (0.003)] l_pix: 8.9890e-02 
2024-03-25 15:58:03,390 INFO: [train..][epoch: 22, iter:  32,200, lr:(1.000e-04,)] [eta: 3 days, 2:03:59, time (data): 5.179 (0.003)] l_pix: 7.6977e-02 
2024-03-25 16:06:40,427 INFO: [train..][epoch: 22, iter:  32,300, lr:(1.000e-04,)] [eta: 3 days, 2:01:45, time (data): 5.173 (0.003)] l_pix: 7.1295e-02 
2024-03-25 16:15:17,345 INFO: [train..][epoch: 22, iter:  32,400, lr:(1.000e-04,)] [eta: 3 days, 1:59:28, time (data): 5.169 (0.003)] l_pix: 6.3995e-02 
2024-03-25 16:23:54,595 INFO: [train..][epoch: 22, iter:  32,500, lr:(1.000e-04,)] [eta: 3 days, 1:57:10, time (data): 5.172 (0.003)] l_pix: 8.6292e-02 
2024-03-25 16:32:31,957 INFO: [train..][epoch: 22, iter:  32,600, lr:(1.000e-04,)] [eta: 3 days, 1:54:50, time (data): 5.172 (0.003)] l_pix: 8.9634e-02 
2024-03-25 16:41:09,646 INFO: [train..][epoch: 22, iter:  32,700, lr:(1.000e-04,)] [eta: 3 days, 1:52:28, time (data): 5.175 (0.003)] l_pix: 8.8760e-02 
2024-03-25 16:49:47,172 INFO: [train..][epoch: 22, iter:  32,800, lr:(1.000e-04,)] [eta: 3 days, 1:50:03, time (data): 5.175 (0.003)] l_pix: 7.5979e-02 
2024-03-25 16:58:25,099 INFO: [train..][epoch: 22, iter:  32,900, lr:(1.000e-04,)] [eta: 3 days, 1:47:37, time (data): 5.178 (0.003)] l_pix: 6.7811e-02 
2024-03-25 17:07:02,597 INFO: [train..][epoch: 22, iter:  33,000, lr:(1.000e-04,)] [eta: 3 days, 1:45:08, time (data): 5.171 (0.003)] l_pix: 8.1610e-02 
2024-03-25 17:18:14,467 INFO: [train..][epoch: 23, iter:  33,100, lr:(1.000e-04,)] [eta: 3 days, 1:47:49, time (data): 6.309 (0.121)] l_pix: 8.0460e-02 
2024-03-25 17:32:03,544 INFO: [train..][epoch: 23, iter:  33,200, lr:(1.000e-04,)] [eta: 3 days, 1:55:41, time (data): 8.541 (0.003)] l_pix: 6.1835e-02 
2024-03-25 17:45:46,483 INFO: [train..][epoch: 23, iter:  33,300, lr:(1.000e-04,)] [eta: 3 days, 2:03:13, time (data): 8.310 (0.003)] l_pix: 9.2537e-02 
2024-03-25 17:59:29,204 INFO: [train..][epoch: 23, iter:  33,400, lr:(1.000e-04,)] [eta: 3 days, 2:10:37, time (data): 8.231 (0.003)] l_pix: 7.3765e-02 
2024-03-25 18:13:11,143 INFO: [train..][epoch: 23, iter:  33,500, lr:(1.000e-04,)] [eta: 3 days, 2:17:51, time (data): 8.222 (0.003)] l_pix: 1.0342e-01 
2024-03-25 18:22:58,436 INFO: [train..][epoch: 23, iter:  33,600, lr:(1.000e-04,)] [eta: 3 days, 2:17:15, time (data): 5.245 (0.003)] l_pix: 5.9096e-02 
2024-03-25 18:31:57,778 INFO: [train..][epoch: 23, iter:  33,700, lr:(1.000e-04,)] [eta: 3 days, 2:15:01, time (data): 5.357 (0.003)] l_pix: 9.2395e-02 
2024-03-25 18:40:41,362 INFO: [train..][epoch: 23, iter:  33,800, lr:(1.000e-04,)] [eta: 3 days, 2:12:13, time (data): 5.226 (0.003)] l_pix: 7.5161e-02 
2024-03-25 18:49:25,019 INFO: [train..][epoch: 23, iter:  33,900, lr:(1.000e-04,)] [eta: 3 days, 2:09:24, time (data): 5.234 (0.003)] l_pix: 6.1622e-02 
2024-03-25 18:58:08,864 INFO: [train..][epoch: 23, iter:  34,000, lr:(1.000e-04,)] [eta: 3 days, 2:06:33, time (data): 5.242 (0.003)] l_pix: 9.0040e-02 
